# JRE version: OpenJDK Runtime Environment Temurin-21.0.5+11 (21.0.5+11) (build 21.0.5+11-LTS)
# Java VM: OpenJDK 64-Bit Server VM Temurin-21.0.5+11 (21.0.5+11-LTS, mixed mode, sharing, tiered, compressed oops, compressed class ptrs, parallel gc, windows-amd64)
GC Precious Log:
 CardTable entry size: 512
 CPUs: 12 total, 12 available
 Memory: 15790M
 Large Page Support: Disabled
 NUMA Support: Disabled
 Compressed Oops: Enabled (32-bit)
 Alignments: Space 512K, Generation 512K, Heap 2M
 Heap Min Capacity: 100M
 Heap Initial Capacity: 100M
 Heap Max Capacity: 1G
 Pre-touch: Disabled
 Parallel Workers: 10
Heap:
 PSYoungGen      total 19968K, used 18283K [0x00000000eab00000, 0x00000000ebf80000, 0x0000000100000000)
  eden space 18944K, 91% used [0x00000000eab00000,0x00000000ebbf36d8,0x00000000ebd80000)
  from space 1024K, 98% used [0x00000000ebe80000,0x00000000ebf7c030,0x00000000ebf80000)
  to   space 1024K, 0% used [0x00000000ebd80000,0x00000000ebd80000,0x00000000ebe80000)
 ParOldGen       total 68608K, used 46343K [0x00000000c0000000, 0x00000000c4300000, 0x00000000eab00000)
  object space 68608K, 67% used [0x00000000c0000000,0x00000000c2d41f40,0x00000000c4300000)
 Metaspace       used 62873K, committed 64256K, reserved 1114112K
  class space    used 7153K, committed 7744K, reserved 1048576K
GC Heap History (20 events):
Event: 8.720 GC heap before
{Heap before GC invocations=28 (full 2):
 PSYoungGen      total 19968K, used 19947K [0x00000000eab00000, 0x00000000ec180000, 0x0000000100000000)
  eden space 18944K, 100% used [0x00000000eab00000,0x00000000ebd80000,0x00000000ebd80000)
  from space 1024K, 98% used [0x00000000ebf80000,0x00000000ec07afc0,0x00000000ec080000)
  to   space 1024K, 0% used [0x00000000ec080000,0x00000000ec080000,0x00000000ec180000)
 ParOldGen       total 68608K, used 39828K [0x00000000c0000000, 0x00000000c4300000, 0x00000000eab00000)
  object space 68608K, 58% used [0x00000000c0000000,0x00000000c26e5078,0x00000000c4300000)
 Metaspace       used 55337K, committed 56704K, reserved 1114112K
  class space    used 6385K, committed 6976K, reserved 1048576K
}
Event: 8.723 GC heap after
{Heap after GC invocations=28 (full 2):
 PSYoungGen      total 19968K, used 992K [0x00000000eab00000, 0x00000000ec380000, 0x0000000100000000)
  eden space 18944K, 0% used [0x00000000eab00000,0x00000000eab00000,0x00000000ebd80000)
  from space 1024K, 96% used [0x00000000ec080000,0x00000000ec178040,0x00000000ec180000)
  to   space 3072K, 0% used [0x00000000ebd80000,0x00000000ebd80000,0x00000000ec080000)
 ParOldGen       total 68608K, used 41526K [0x00000000c0000000, 0x00000000c4300000, 0x00000000eab00000)
  object space 68608K, 60% used [0x00000000c0000000,0x00000000c288da10,0x00000000c4300000)
 Metaspace       used 55337K, committed 56704K, reserved 1114112K
  class space    used 6385K, committed 6976K, reserved 1048576K
}
Event: 8.792 GC heap before
{Heap before GC invocations=29 (full 2):
 PSYoungGen      total 19968K, used 19936K [0x00000000eab00000, 0x00000000ec380000, 0x0000000100000000)
  eden space 18944K, 100% used [0x00000000eab00000,0x00000000ebd80000,0x00000000ebd80000)
  from space 1024K, 96% used [0x00000000ec080000,0x00000000ec178040,0x00000000ec180000)
  to   space 3072K, 0% used [0x00000000ebd80000,0x00000000ebd80000,0x00000000ec080000)
 ParOldGen       total 68608K, used 41526K [0x00000000c0000000, 0x00000000c4300000, 0x00000000eab00000)
  object space 68608K, 60% used [0x00000000c0000000,0x00000000c288da10,0x00000000c4300000)
 Metaspace       used 55424K, committed 56832K, reserved 1114112K
  class space    used 6388K, committed 6976K, reserved 1048576K
}
Event: 8.795 GC heap after
{Heap after GC invocations=29 (full 2):
 PSYoungGen      total 21504K, used 2065K [0x00000000eab00000, 0x00000000ec280000, 0x0000000100000000)
  eden space 18944K, 0% used [0x00000000eab00000,0x00000000eab00000,0x00000000ebd80000)
  from space 2560K, 80% used [0x00000000ebd80000,0x00000000ebf84400,0x00000000ec000000)
  to   space 2560K, 0% used [0x00000000ec000000,0x00000000ec000000,0x00000000ec280000)
 ParOldGen       total 68608K, used 42534K [0x00000000c0000000, 0x00000000c4300000, 0x00000000eab00000)
  object space 68608K, 61% used [0x00000000c0000000,0x00000000c2989a50,0x00000000c4300000)
 Metaspace       used 55424K, committed 56832K, reserved 1114112K
  class space    used 6388K, committed 6976K, reserved 1048576K
}
Event: 8.855 GC heap before
{Heap before GC invocations=30 (full 2):
 PSYoungGen      total 21504K, used 21009K [0x00000000eab00000, 0x00000000ec280000, 0x0000000100000000)
  eden space 18944K, 100% used [0x00000000eab00000,0x00000000ebd80000,0x00000000ebd80000)
  from space 2560K, 80% used [0x00000000ebd80000,0x00000000ebf84400,0x00000000ec000000)
  to   space 2560K, 0% used [0x00000000ec000000,0x00000000ec000000,0x00000000ec280000)
 ParOldGen       total 68608K, used 42534K [0x00000000c0000000, 0x00000000c4300000, 0x00000000eab00000)
  object space 68608K, 61% used [0x00000000c0000000,0x00000000c2989a50,0x00000000c4300000)
 Metaspace       used 55577K, committed 56960K, reserved 1114112K
  class space    used 6395K, committed 6976K, reserved 1048576K
}
Event: 8.857 GC heap after
{Heap after GC invocations=30 (full 2):
 PSYoungGen      total 21504K, used 2066K [0x00000000eab00000, 0x00000000ec280000, 0x0000000100000000)
  eden space 18944K, 0% used [0x00000000eab00000,0x00000000eab00000,0x00000000ebd80000)
  from space 2560K, 80% used [0x00000000ec000000,0x00000000ec204820,0x00000000ec280000)
  to   space 2560K, 0% used [0x00000000ebd80000,0x00000000ebd80000,0x00000000ec000000)
 ParOldGen       total 68608K, used 44392K [0x00000000c0000000, 0x00000000c4300000, 0x00000000eab00000)
  object space 68608K, 64% used [0x00000000c0000000,0x00000000c2b5a348,0x00000000c4300000)
 Metaspace       used 55577K, committed 56960K, reserved 1114112K
  class space    used 6395K, committed 6976K, reserved 1048576K
}
Event: 9.083 GC heap before
{Heap before GC invocations=31 (full 2):
 PSYoungGen      total 21504K, used 21010K [0x00000000eab00000, 0x00000000ec280000, 0x0000000100000000)
  eden space 18944K, 100% used [0x00000000eab00000,0x00000000ebd80000,0x00000000ebd80000)
  from space 2560K, 80% used [0x00000000ec000000,0x00000000ec204820,0x00000000ec280000)
  to   space 2560K, 0% used [0x00000000ebd80000,0x00000000ebd80000,0x00000000ec000000)
 ParOldGen       total 68608K, used 44392K [0x00000000c0000000, 0x00000000c4300000, 0x00000000eab00000)
  object space 68608K, 64% used [0x00000000c0000000,0x00000000c2b5a348,0x00000000c4300000)
 Metaspace       used 57993K, committed 59392K, reserved 1114112K
  class space    used 6687K, committed 7296K, reserved 1048576K
}
Event: 9.086 GC heap after
{Heap after GC invocations=31 (full 2):
 PSYoungGen      total 20480K, used 1202K [0x00000000eab00000, 0x00000000ec080000, 0x0000000100000000)
  eden space 18944K, 0% used [0x00000000eab00000,0x00000000eab00000,0x00000000ebd80000)
  from space 1536K, 78% used [0x00000000ebd80000,0x00000000ebeac8f8,0x00000000ebf00000)
  to   space 1536K, 0% used [0x00000000ebf00000,0x00000000ebf00000,0x00000000ec080000)
 ParOldGen       total 68608K, used 46286K [0x00000000c0000000, 0x00000000c4300000, 0x00000000eab00000)
  object space 68608K, 67% used [0x00000000c0000000,0x00000000c2d33968,0x00000000c4300000)
 Metaspace       used 57993K, committed 59392K, reserved 1114112K
  class space    used 6687K, committed 7296K, reserved 1048576K
}
Event: 9.144 GC heap before
{Heap before GC invocations=32 (full 2):
 PSYoungGen      total 20480K, used 20124K [0x00000000eab00000, 0x00000000ec080000, 0x0000000100000000)
  eden space 18944K, 99% used [0x00000000eab00000,0x00000000ebd7a8d0,0x00000000ebd80000)
  from space 1536K, 78% used [0x00000000ebd80000,0x00000000ebeac8f8,0x00000000ebf00000)
  to   space 1536K, 0% used [0x00000000ebf00000,0x00000000ebf00000,0x00000000ec080000)
 ParOldGen       total 68608K, used 46286K [0x00000000c0000000, 0x00000000c4300000, 0x00000000eab00000)
  object space 68608K, 67% used [0x00000000c0000000,0x00000000c2d33968,0x00000000c4300000)
 Metaspace       used 58177K, committed 59584K, reserved 1114112K
  class space    used 6699K, committed 7296K, reserved 1048576K
}
Event: 9.145 GC heap after
{Heap after GC invocations=32 (full 2):
 PSYoungGen      total 20480K, used 954K [0x00000000eab00000, 0x00000000ec080000, 0x0000000100000000)
  eden space 18944K, 0% used [0x00000000eab00000,0x00000000eab00000,0x00000000ebd80000)
  from space 1536K, 62% used [0x00000000ebf00000,0x00000000ebfee828,0x00000000ec080000)
  to   space 1536K, 0% used [0x00000000ebd80000,0x00000000ebd80000,0x00000000ebf00000)
 ParOldGen       total 68608K, used 47429K [0x00000000c0000000, 0x00000000c4300000, 0x00000000eab00000)
  object space 68608K, 69% used [0x00000000c0000000,0x00000000c2e51500,0x00000000c4300000)
 Metaspace       used 58177K, committed 59584K, reserved 1114112K
  class space    used 6699K, committed 7296K, reserved 1048576K
}
Event: 9.178 GC heap before
{Heap before GC invocations=33 (full 2):
 PSYoungGen      total 20480K, used 17437K [0x00000000eab00000, 0x00000000ec080000, 0x0000000100000000)
  eden space 18944K, 87% used [0x00000000eab00000,0x00000000ebb18c48,0x00000000ebd80000)
  from space 1536K, 62% used [0x00000000ebf00000,0x00000000ebfee828,0x00000000ec080000)
  to   space 1536K, 0% used [0x00000000ebd80000,0x00000000ebd80000,0x00000000ebf00000)
 ParOldGen       total 68608K, used 47429K [0x00000000c0000000, 0x00000000c4300000, 0x00000000eab00000)
  object space 68608K, 69% used [0x00000000c0000000,0x00000000c2e51500,0x00000000c4300000)
 Metaspace       used 58453K, committed 59776K, reserved 1114112K
  class space    used 6717K, committed 7296K, reserved 1048576K
}
Event: 9.179 GC heap after
{Heap after GC invocations=33 (full 2):
 PSYoungGen      total 19456K, used 288K [0x00000000eab00000, 0x00000000ebf80000, 0x0000000100000000)
  eden space 18944K, 0% used [0x00000000eab00000,0x00000000eab00000,0x00000000ebd80000)
  from space 512K, 56% used [0x00000000ebd80000,0x00000000ebdc8000,0x00000000ebe00000)
  to   space 1024K, 0% used [0x00000000ebe80000,0x00000000ebe80000,0x00000000ebf80000)
 ParOldGen       total 68608K, used 47525K [0x00000000c0000000, 0x00000000c4300000, 0x00000000eab00000)
  object space 68608K, 69% used [0x00000000c0000000,0x00000000c2e69500,0x00000000c4300000)
 Metaspace       used 58453K, committed 59776K, reserved 1114112K
  class space    used 6717K, committed 7296K, reserved 1048576K
}
Event: 9.179 GC heap before
{Heap before GC invocations=34 (full 3):
 PSYoungGen      total 19456K, used 288K [0x00000000eab00000, 0x00000000ebf80000, 0x0000000100000000)
  eden space 18944K, 0% used [0x00000000eab00000,0x00000000eab00000,0x00000000ebd80000)
  from space 512K, 56% used [0x00000000ebd80000,0x00000000ebdc8000,0x00000000ebe00000)
  to   space 1024K, 0% used [0x00000000ebe80000,0x00000000ebe80000,0x00000000ebf80000)
 ParOldGen       total 68608K, used 47525K [0x00000000c0000000, 0x00000000c4300000, 0x00000000eab00000)
  object space 68608K, 69% used [0x00000000c0000000,0x00000000c2e69500,0x00000000c4300000)
 Metaspace       used 58453K, committed 59776K, reserved 1114112K
  class space    used 6717K, committed 7296K, reserved 1048576K
}
Event: 9.228 GC heap after
{Heap after GC invocations=34 (full 3):
 PSYoungGen      total 19456K, used 0K [0x00000000eab00000, 0x00000000ebf80000, 0x0000000100000000)
  eden space 18944K, 0% used [0x00000000eab00000,0x00000000eab00000,0x00000000ebd80000)
  from space 512K, 0% used [0x00000000ebd80000,0x00000000ebd80000,0x00000000ebe00000)
  to   space 1024K, 0% used [0x00000000ebe80000,0x00000000ebe80000,0x00000000ebf80000)
 ParOldGen       total 68608K, used 44992K [0x00000000c0000000, 0x00000000c4300000, 0x00000000eab00000)
  object space 68608K, 65% used [0x00000000c0000000,0x00000000c2bf02c8,0x00000000c4300000)
 Metaspace       used 58442K, committed 59776K, reserved 1114112K
  class space    used 6714K, committed 7296K, reserved 1048576K
}
Event: 9.546 GC heap before
{Heap before GC invocations=35 (full 3):
 PSYoungGen      total 19456K, used 18944K [0x00000000eab00000, 0x00000000ebf80000, 0x0000000100000000)
  eden space 18944K, 100% used [0x00000000eab00000,0x00000000ebd80000,0x00000000ebd80000)
  from space 512K, 0% used [0x00000000ebd80000,0x00000000ebd80000,0x00000000ebe00000)
  to   space 1024K, 0% used [0x00000000ebe80000,0x00000000ebe80000,0x00000000ebf80000)
 ParOldGen       total 68608K, used 44992K [0x00000000c0000000, 0x00000000c4300000, 0x00000000eab00000)
  object space 68608K, 65% used [0x00000000c0000000,0x00000000c2bf02c8,0x00000000c4300000)
 Metaspace       used 60063K, committed 61504K, reserved 1114112K
  class space    used 6884K, committed 7488K, reserved 1048576K
}
Event: 9.547 GC heap after
{Heap after GC invocations=35 (full 3):
 PSYoungGen      total 19968K, used 512K [0x00000000eab00000, 0x00000000ebf80000, 0x0000000100000000)
  eden space 18944K, 0% used [0x00000000eab00000,0x00000000eab00000,0x00000000ebd80000)
  from space 1024K, 50% used [0x00000000ebe80000,0x00000000ebf00000,0x00000000ebf80000)
  to   space 1024K, 0% used [0x00000000ebd80000,0x00000000ebd80000,0x00000000ebe80000)
 ParOldGen       total 68608K, used 45000K [0x00000000c0000000, 0x00000000c4300000, 0x00000000eab00000)
  object space 68608K, 65% used [0x00000000c0000000,0x00000000c2bf22c8,0x00000000c4300000)
 Metaspace       used 60063K, committed 61504K, reserved 1114112K
  class space    used 6884K, committed 7488K, reserved 1048576K
}
Event: 9.842 GC heap before
{Heap before GC invocations=36 (full 3):
 PSYoungGen      total 19968K, used 19456K [0x00000000eab00000, 0x00000000ebf80000, 0x0000000100000000)
  eden space 18944K, 100% used [0x00000000eab00000,0x00000000ebd80000,0x00000000ebd80000)
  from space 1024K, 50% used [0x00000000ebe80000,0x00000000ebf00000,0x00000000ebf80000)
  to   space 1024K, 0% used [0x00000000ebd80000,0x00000000ebd80000,0x00000000ebe80000)
 ParOldGen       total 68608K, used 45000K [0x00000000c0000000, 0x00000000c4300000, 0x00000000eab00000)
  object space 68608K, 65% used [0x00000000c0000000,0x00000000c2bf22c8,0x00000000c4300000)
 Metaspace       used 61412K, committed 62848K, reserved 1114112K
  class space    used 7007K, committed 7616K, reserved 1048576K
}
Event: 9.843 GC heap after
{Heap after GC invocations=36 (full 3):
 PSYoungGen      total 19968K, used 928K [0x00000000eab00000, 0x00000000ebf80000, 0x0000000100000000)
  eden space 18944K, 0% used [0x00000000eab00000,0x00000000eab00000,0x00000000ebd80000)
  from space 1024K, 90% used [0x00000000ebd80000,0x00000000ebe68020,0x00000000ebe80000)
  to   space 1024K, 0% used [0x00000000ebe80000,0x00000000ebe80000,0x00000000ebf80000)
 ParOldGen       total 68608K, used 45319K [0x00000000c0000000, 0x00000000c4300000, 0x00000000eab00000)
  object space 68608K, 66% used [0x00000000c0000000,0x00000000c2c41e30,0x00000000c4300000)
 Metaspace       used 61412K, committed 62848K, reserved 1114112K
  class space    used 7007K, committed 7616K, reserved 1048576K
}
Event: 10.020 GC heap before
{Heap before GC invocations=37 (full 3):
 PSYoungGen      total 19968K, used 19872K [0x00000000eab00000, 0x00000000ebf80000, 0x0000000100000000)
  eden space 18944K, 100% used [0x00000000eab00000,0x00000000ebd80000,0x00000000ebd80000)
  from space 1024K, 90% used [0x00000000ebd80000,0x00000000ebe68020,0x00000000ebe80000)
  to   space 1024K, 0% used [0x00000000ebe80000,0x00000000ebe80000,0x00000000ebf80000)
 ParOldGen       total 68608K, used 45319K [0x00000000c0000000, 0x00000000c4300000, 0x00000000eab00000)
  object space 68608K, 66% used [0x00000000c0000000,0x00000000c2c41e30,0x00000000c4300000)
 Metaspace       used 62873K, committed 64256K, reserved 1114112K
  class space    used 7153K, committed 7744K, reserved 1048576K
}
Event: 10.022 GC heap after
{Heap after GC invocations=37 (full 3):
 PSYoungGen      total 19968K, used 1008K [0x00000000eab00000, 0x00000000ebf80000, 0x0000000100000000)
  eden space 18944K, 0% used [0x00000000eab00000,0x00000000eab00000,0x00000000ebd80000)
  from space 1024K, 98% used [0x00000000ebe80000,0x00000000ebf7c030,0x00000000ebf80000)
  to   space 1024K, 0% used [0x00000000ebd80000,0x00000000ebd80000,0x00000000ebe80000)
 ParOldGen       total 68608K, used 46343K [0x00000000c0000000, 0x00000000c4300000, 0x00000000eab00000)
  object space 68608K, 67% used [0x00000000c0000000,0x00000000c2d41f40,0x00000000c4300000)
 Metaspace       used 62873K, committed 64256K, reserved 1114112K
  class space    used 7153K, committed 7744K, reserved 1048576K
}

