# JRE version: OpenJDK Runtime Environment Temurin-21.0.5+11 (21.0.5+11) (build 21.0.5+11-LTS)
# Java VM: OpenJDK 64-Bit Server VM Temurin-21.0.5+11 (21.0.5+11-LTS, mixed mode, sharing, tiered, compressed oops, compressed class ptrs, parallel gc, windows-amd64)
GC Precious Log:
 CardTable entry size: 512
 CPUs: 12 total, 12 available
 Memory: 15790M
 Large Page Support: Disabled
 NUMA Support: Disabled
 Compressed Oops: Enabled (32-bit)
 Alignments: Space 512K, Generation 512K, Heap 2M
 Heap Min Capacity: 100M
 Heap Initial Capacity: 100M
 Heap Max Capacity: 1G
 Pre-touch: Disabled
 Parallel Workers: 10
Heap:
 PSYoungGen      total 16384K, used 3952K [0x00000000eab00000, 0x00000000ebd80000, 0x0000000100000000)
  eden space 15872K, 21% used [0x00000000eab00000,0x00000000eae5c098,0x00000000eba80000)
  from space 512K, 100% used [0x00000000ebc00000,0x00000000ebc80000,0x00000000ebc80000)
  to   space 1024K, 0% used [0x00000000ebc80000,0x00000000ebc80000,0x00000000ebd80000)
 ParOldGen       total 68608K, used 53437K [0x00000000c0000000, 0x00000000c4300000, 0x00000000eab00000)
  object space 68608K, 77% used [0x00000000c0000000,0x00000000c342f540,0x00000000c4300000)
 Metaspace       used 63664K, committed 65088K, reserved 1114112K
  class space    used 7249K, committed 7872K, reserved 1048576K
GC Heap History (20 events):
Event: 9.365 GC heap before
{Heap before GC invocations=36 (full 2):
 PSYoungGen      total 17408K, used 17273K [0x00000000eab00000, 0x00000000ebe80000, 0x0000000100000000)
  eden space 15872K, 99% used [0x00000000eab00000,0x00000000eba7e638,0x00000000eba80000)
  from space 1536K, 91% used [0x00000000eba80000,0x00000000ebbe0020,0x00000000ebc00000)
  to   space 2048K, 0% used [0x00000000ebc80000,0x00000000ebc80000,0x00000000ebe80000)
 ParOldGen       total 68608K, used 48614K [0x00000000c0000000, 0x00000000c4300000, 0x00000000eab00000)
  object space 68608K, 70% used [0x00000000c0000000,0x00000000c2f79858,0x00000000c4300000)
 Metaspace       used 58218K, committed 59520K, reserved 1114112K
  class space    used 6719K, committed 7296K, reserved 1048576K
}
Event: 9.368 GC heap after
{Heap after GC invocations=36 (full 2):
 PSYoungGen      total 17920K, used 1800K [0x00000000eab00000, 0x00000000ebe80000, 0x0000000100000000)
  eden space 15872K, 0% used [0x00000000eab00000,0x00000000eab00000,0x00000000eba80000)
  from space 2048K, 87% used [0x00000000ebc80000,0x00000000ebe423b8,0x00000000ebe80000)
  to   space 2048K, 0% used [0x00000000eba80000,0x00000000eba80000,0x00000000ebc80000)
 ParOldGen       total 68608K, used 49906K [0x00000000c0000000, 0x00000000c4300000, 0x00000000eab00000)
  object space 68608K, 72% used [0x00000000c0000000,0x00000000c30bc978,0x00000000c4300000)
 Metaspace       used 58218K, committed 59520K, reserved 1114112K
  class space    used 6719K, committed 7296K, reserved 1048576K
}
Event: 9.389 GC heap before
{Heap before GC invocations=37 (full 2):
 PSYoungGen      total 17920K, used 17672K [0x00000000eab00000, 0x00000000ebe80000, 0x0000000100000000)
  eden space 15872K, 100% used [0x00000000eab00000,0x00000000eba80000,0x00000000eba80000)
  from space 2048K, 87% used [0x00000000ebc80000,0x00000000ebe423b8,0x00000000ebe80000)
  to   space 2048K, 0% used [0x00000000eba80000,0x00000000eba80000,0x00000000ebc80000)
 ParOldGen       total 68608K, used 49906K [0x00000000c0000000, 0x00000000c4300000, 0x00000000eab00000)
  object space 68608K, 72% used [0x00000000c0000000,0x00000000c30bc978,0x00000000c4300000)
 Metaspace       used 58234K, committed 59584K, reserved 1114112K
  class space    used 6719K, committed 7296K, reserved 1048576K
}
Event: 9.391 GC heap after
{Heap after GC invocations=37 (full 2):
 PSYoungGen      total 17920K, used 2024K [0x00000000eab00000, 0x00000000ec280000, 0x0000000100000000)
  eden space 15872K, 0% used [0x00000000eab00000,0x00000000eab00000,0x00000000eba80000)
  from space 2048K, 98% used [0x00000000eba80000,0x00000000ebc7a110,0x00000000ebc80000)
  to   space 4096K, 0% used [0x00000000ebe80000,0x00000000ebe80000,0x00000000ec280000)
 ParOldGen       total 68608K, used 51403K [0x00000000c0000000, 0x00000000c4300000, 0x00000000eab00000)
  object space 68608K, 74% used [0x00000000c0000000,0x00000000c3232d10,0x00000000c4300000)
 Metaspace       used 58234K, committed 59584K, reserved 1114112K
  class space    used 6719K, committed 7296K, reserved 1048576K
}
Event: 9.408 GC heap before
{Heap before GC invocations=38 (full 2):
 PSYoungGen      total 17920K, used 17896K [0x00000000eab00000, 0x00000000ec280000, 0x0000000100000000)
  eden space 15872K, 100% used [0x00000000eab00000,0x00000000eba80000,0x00000000eba80000)
  from space 2048K, 98% used [0x00000000eba80000,0x00000000ebc7a110,0x00000000ebc80000)
  to   space 4096K, 0% used [0x00000000ebe80000,0x00000000ebe80000,0x00000000ec280000)
 ParOldGen       total 68608K, used 51403K [0x00000000c0000000, 0x00000000c4300000, 0x00000000eab00000)
  object space 68608K, 74% used [0x00000000c0000000,0x00000000c3232d10,0x00000000c4300000)
 Metaspace       used 58236K, committed 59584K, reserved 1114112K
  class space    used 6719K, committed 7296K, reserved 1048576K
}
Event: 9.410 GC heap after
{Heap after GC invocations=38 (full 2):
 PSYoungGen      total 17920K, used 1750K [0x00000000eab00000, 0x00000000ec080000, 0x0000000100000000)
  eden space 15872K, 0% used [0x00000000eab00000,0x00000000eab00000,0x00000000eba80000)
  from space 2048K, 85% used [0x00000000ebe80000,0x00000000ec035a08,0x00000000ec080000)
  to   space 2560K, 0% used [0x00000000ebb80000,0x00000000ebb80000,0x00000000ebe00000)
 ParOldGen       total 68608K, used 52679K [0x00000000c0000000, 0x00000000c4300000, 0x00000000eab00000)
  object space 68608K, 76% used [0x00000000c0000000,0x00000000c3371d10,0x00000000c4300000)
 Metaspace       used 58236K, committed 59584K, reserved 1114112K
  class space    used 6719K, committed 7296K, reserved 1048576K
}
Event: 9.423 GC heap before
{Heap before GC invocations=39 (full 2):
 PSYoungGen      total 17920K, used 17622K [0x00000000eab00000, 0x00000000ec080000, 0x0000000100000000)
  eden space 15872K, 100% used [0x00000000eab00000,0x00000000eba80000,0x00000000eba80000)
  from space 2048K, 85% used [0x00000000ebe80000,0x00000000ec035a08,0x00000000ec080000)
  to   space 2560K, 0% used [0x00000000ebb80000,0x00000000ebb80000,0x00000000ebe00000)
 ParOldGen       total 68608K, used 52679K [0x00000000c0000000, 0x00000000c4300000, 0x00000000eab00000)
  object space 68608K, 76% used [0x00000000c0000000,0x00000000c3371d10,0x00000000c4300000)
 Metaspace       used 58237K, committed 59584K, reserved 1114112K
  class space    used 6719K, committed 7296K, reserved 1048576K
}
Event: 9.425 GC heap after
{Heap after GC invocations=39 (full 2):
 PSYoungGen      total 17920K, used 1558K [0x00000000eab00000, 0x00000000ebf00000, 0x0000000100000000)
  eden space 15872K, 0% used [0x00000000eab00000,0x00000000eab00000,0x00000000eba80000)
  from space 2048K, 76% used [0x00000000ebb80000,0x00000000ebd05a80,0x00000000ebd80000)
  to   space 1536K, 0% used [0x00000000ebd80000,0x00000000ebd80000,0x00000000ebf00000)
 ParOldGen       total 68608K, used 53799K [0x00000000c0000000, 0x00000000c4300000, 0x00000000eab00000)
  object space 68608K, 78% used [0x00000000c0000000,0x00000000c3489d10,0x00000000c4300000)
 Metaspace       used 58237K, committed 59584K, reserved 1114112K
  class space    used 6719K, committed 7296K, reserved 1048576K
}
Event: 9.441 GC heap before
{Heap before GC invocations=40 (full 2):
 PSYoungGen      total 17920K, used 17430K [0x00000000eab00000, 0x00000000ebf00000, 0x0000000100000000)
  eden space 15872K, 100% used [0x00000000eab00000,0x00000000eba80000,0x00000000eba80000)
  from space 2048K, 76% used [0x00000000ebb80000,0x00000000ebd05a80,0x00000000ebd80000)
  to   space 1536K, 0% used [0x00000000ebd80000,0x00000000ebd80000,0x00000000ebf00000)
 ParOldGen       total 68608K, used 53799K [0x00000000c0000000, 0x00000000c4300000, 0x00000000eab00000)
  object space 68608K, 78% used [0x00000000c0000000,0x00000000c3489d10,0x00000000c4300000)
 Metaspace       used 58430K, committed 59776K, reserved 1114112K
  class space    used 6725K, committed 7296K, reserved 1048576K
}
Event: 9.444 GC heap after
{Heap after GC invocations=40 (full 2):
 PSYoungGen      total 17408K, used 1216K [0x00000000eab00000, 0x00000000ebf00000, 0x0000000100000000)
  eden space 15872K, 0% used [0x00000000eab00000,0x00000000eab00000,0x00000000eba80000)
  from space 1536K, 79% used [0x00000000ebd80000,0x00000000ebeb0000,0x00000000ebf00000)
  to   space 1536K, 0% used [0x00000000ebc00000,0x00000000ebc00000,0x00000000ebd80000)
 ParOldGen       total 68608K, used 54775K [0x00000000c0000000, 0x00000000c4300000, 0x00000000eab00000)
  object space 68608K, 79% used [0x00000000c0000000,0x00000000c357dd20,0x00000000c4300000)
 Metaspace       used 58430K, committed 59776K, reserved 1114112K
  class space    used 6725K, committed 7296K, reserved 1048576K
}
Event: 9.449 GC heap before
{Heap before GC invocations=41 (full 2):
 PSYoungGen      total 17408K, used 6260K [0x00000000eab00000, 0x00000000ebf00000, 0x0000000100000000)
  eden space 15872K, 31% used [0x00000000eab00000,0x00000000eafed050,0x00000000eba80000)
  from space 1536K, 79% used [0x00000000ebd80000,0x00000000ebeb0000,0x00000000ebf00000)
  to   space 1536K, 0% used [0x00000000ebc00000,0x00000000ebc00000,0x00000000ebd80000)
 ParOldGen       total 68608K, used 54775K [0x00000000c0000000, 0x00000000c4300000, 0x00000000eab00000)
  object space 68608K, 79% used [0x00000000c0000000,0x00000000c357dd20,0x00000000c4300000)
 Metaspace       used 58500K, committed 59776K, reserved 1114112K
  class space    used 6735K, committed 7296K, reserved 1048576K
}
Event: 9.451 GC heap after
{Heap after GC invocations=41 (full 2):
 PSYoungGen      total 16896K, used 544K [0x00000000eab00000, 0x00000000ebe00000, 0x0000000100000000)
  eden space 15872K, 0% used [0x00000000eab00000,0x00000000eab00000,0x00000000eba80000)
  from space 1024K, 53% used [0x00000000ebc00000,0x00000000ebc88000,0x00000000ebd00000)
  to   space 1024K, 0% used [0x00000000ebd00000,0x00000000ebd00000,0x00000000ebe00000)
 ParOldGen       total 68608K, used 55831K [0x00000000c0000000, 0x00000000c4300000, 0x00000000eab00000)
  object space 68608K, 81% used [0x00000000c0000000,0x00000000c3685d20,0x00000000c4300000)
 Metaspace       used 58500K, committed 59776K, reserved 1114112K
  class space    used 6735K, committed 7296K, reserved 1048576K
}
Event: 9.451 GC heap before
{Heap before GC invocations=42 (full 3):
 PSYoungGen      total 16896K, used 544K [0x00000000eab00000, 0x00000000ebe00000, 0x0000000100000000)
  eden space 15872K, 0% used [0x00000000eab00000,0x00000000eab00000,0x00000000eba80000)
  from space 1024K, 53% used [0x00000000ebc00000,0x00000000ebc88000,0x00000000ebd00000)
  to   space 1024K, 0% used [0x00000000ebd00000,0x00000000ebd00000,0x00000000ebe00000)
 ParOldGen       total 68608K, used 55831K [0x00000000c0000000, 0x00000000c4300000, 0x00000000eab00000)
  object space 68608K, 81% used [0x00000000c0000000,0x00000000c3685d20,0x00000000c4300000)
 Metaspace       used 58500K, committed 59776K, reserved 1114112K
  class space    used 6735K, committed 7296K, reserved 1048576K
}
Event: 9.503 GC heap after
{Heap after GC invocations=42 (full 3):
 PSYoungGen      total 16896K, used 0K [0x00000000eab00000, 0x00000000ebe00000, 0x0000000100000000)
  eden space 15872K, 0% used [0x00000000eab00000,0x00000000eab00000,0x00000000eba80000)
  from space 1024K, 0% used [0x00000000ebc00000,0x00000000ebc00000,0x00000000ebd00000)
  to   space 1024K, 0% used [0x00000000ebd00000,0x00000000ebd00000,0x00000000ebe00000)
 ParOldGen       total 68608K, used 51147K [0x00000000c0000000, 0x00000000c4300000, 0x00000000eab00000)
  object space 68608K, 74% used [0x00000000c0000000,0x00000000c31f2e90,0x00000000c4300000)
 Metaspace       used 58466K, committed 59776K, reserved 1114112K
  class space    used 6726K, committed 7296K, reserved 1048576K
}
Event: 9.555 GC heap before
{Heap before GC invocations=43 (full 3):
 PSYoungGen      total 16896K, used 15726K [0x00000000eab00000, 0x00000000ebe00000, 0x0000000100000000)
  eden space 15872K, 99% used [0x00000000eab00000,0x00000000eba5b9a0,0x00000000eba80000)
  from space 1024K, 0% used [0x00000000ebc00000,0x00000000ebc00000,0x00000000ebd00000)
  to   space 1024K, 0% used [0x00000000ebd00000,0x00000000ebd00000,0x00000000ebe00000)
 ParOldGen       total 68608K, used 51147K [0x00000000c0000000, 0x00000000c4300000, 0x00000000eab00000)
  object space 68608K, 74% used [0x00000000c0000000,0x00000000c31f2e90,0x00000000c4300000)
 Metaspace       used 59612K, committed 60992K, reserved 1114112K
  class space    used 6837K, committed 7424K, reserved 1048576K
}
Event: 9.556 GC heap after
{Heap after GC invocations=43 (full 3):
 PSYoungGen      total 16896K, used 1024K [0x00000000eab00000, 0x00000000ebe00000, 0x0000000100000000)
  eden space 15872K, 0% used [0x00000000eab00000,0x00000000eab00000,0x00000000eba80000)
  from space 1024K, 100% used [0x00000000ebd00000,0x00000000ebe00000,0x00000000ebe00000)
  to   space 1536K, 0% used [0x00000000ebb00000,0x00000000ebb00000,0x00000000ebc80000)
 ParOldGen       total 68608K, used 51306K [0x00000000c0000000, 0x00000000c4300000, 0x00000000eab00000)
  object space 68608K, 74% used [0x00000000c0000000,0x00000000c321a8d0,0x00000000c4300000)
 Metaspace       used 59612K, committed 60992K, reserved 1114112K
  class space    used 6837K, committed 7424K, reserved 1048576K
}
Event: 9.846 GC heap before
{Heap before GC invocations=44 (full 3):
 PSYoungGen      total 16896K, used 16861K [0x00000000eab00000, 0x00000000ebe00000, 0x0000000100000000)
  eden space 15872K, 99% used [0x00000000eab00000,0x00000000eba777f8,0x00000000eba80000)
  from space 1024K, 100% used [0x00000000ebd00000,0x00000000ebe00000,0x00000000ebe00000)
  to   space 1536K, 0% used [0x00000000ebb00000,0x00000000ebb00000,0x00000000ebc80000)
 ParOldGen       total 68608K, used 51306K [0x00000000c0000000, 0x00000000c4300000, 0x00000000eab00000)
  object space 68608K, 74% used [0x00000000c0000000,0x00000000c321a8d0,0x00000000c4300000)
 Metaspace       used 60632K, committed 61952K, reserved 1114112K
  class space    used 6929K, committed 7488K, reserved 1048576K
}
Event: 9.847 GC heap after
{Heap after GC invocations=44 (full 3):
 PSYoungGen      total 17408K, used 432K [0x00000000eab00000, 0x00000000ebd80000, 0x0000000100000000)
  eden space 15872K, 0% used [0x00000000eab00000,0x00000000eab00000,0x00000000eba80000)
  from space 1536K, 28% used [0x00000000ebb00000,0x00000000ebb6c010,0x00000000ebc80000)
  to   space 1024K, 0% used [0x00000000ebc80000,0x00000000ebc80000,0x00000000ebd80000)
 ParOldGen       total 68608K, used 52330K [0x00000000c0000000, 0x00000000c4300000, 0x00000000eab00000)
  object space 68608K, 76% used [0x00000000c0000000,0x00000000c331aad0,0x00000000c4300000)
 Metaspace       used 60632K, committed 61952K, reserved 1114112K
  class space    used 6929K, committed 7488K, reserved 1048576K
}
Event: 10.050 GC heap before
{Heap before GC invocations=45 (full 3):
 PSYoungGen      total 17408K, used 16304K [0x00000000eab00000, 0x00000000ebd80000, 0x0000000100000000)
  eden space 15872K, 100% used [0x00000000eab00000,0x00000000eba80000,0x00000000eba80000)
  from space 1536K, 28% used [0x00000000ebb00000,0x00000000ebb6c010,0x00000000ebc80000)
  to   space 1024K, 0% used [0x00000000ebc80000,0x00000000ebc80000,0x00000000ebd80000)
 ParOldGen       total 68608K, used 52330K [0x00000000c0000000, 0x00000000c4300000, 0x00000000eab00000)
  object space 68608K, 76% used [0x00000000c0000000,0x00000000c331aad0,0x00000000c4300000)
 Metaspace       used 61788K, committed 63104K, reserved 1114112K
  class space    used 7037K, committed 7616K, reserved 1048576K
}
Event: 10.051 GC heap after
{Heap after GC invocations=45 (full 3):
 PSYoungGen      total 16384K, used 352K [0x00000000eab00000, 0x00000000ebd00000, 0x0000000100000000)
  eden space 15872K, 0% used [0x00000000eab00000,0x00000000eab00000,0x00000000eba80000)
  from space 512K, 68% used [0x00000000ebc80000,0x00000000ebcd8000,0x00000000ebd00000)
  to   space 512K, 0% used [0x00000000ebc00000,0x00000000ebc00000,0x00000000ebc80000)
 ParOldGen       total 68608K, used 52599K [0x00000000c0000000, 0x00000000c4300000, 0x00000000eab00000)
  object space 68608K, 76% used [0x00000000c0000000,0x00000000c335dc38,0x00000000c4300000)
 Metaspace       used 61788K, committed 63104K, reserved 1114112K
  class space    used 7037K, committed 7616K, reserved 1048576K
}

