# JRE version: OpenJDK Runtime Environment Temurin-21.0.5+11 (21.0.5+11) (build 21.0.5+11-LTS)
# Java VM: OpenJDK 64-Bit Server VM Temurin-21.0.5+11 (21.0.5+11-LTS, mixed mode, sharing, tiered, compressed oops, compressed class ptrs, parallel gc, windows-amd64)
GC Precious Log:
 CardTable entry size: 512
 CPUs: 12 total, 12 available
 Memory: 15790M
 Large Page Support: Disabled
 NUMA Support: Disabled
 Compressed Oops: Enabled (32-bit)
 Alignments: Space 512K, Generation 512K, Heap 2M
 Heap Min Capacity: 100M
 Heap Initial Capacity: 100M
 Heap Max Capacity: 1G
 Pre-touch: Disabled
 Parallel Workers: 10
Heap:
 PSYoungGen      total 10240K, used 2773K [0x00000000eab00000, 0x00000000eb800000, 0x0000000100000000)
  eden space 9728K, 25% used [0x00000000eab00000,0x00000000ead6d5a0,0x00000000eb480000)
  from space 512K, 56% used [0x00000000eb780000,0x00000000eb7c8000,0x00000000eb800000)
  to   space 512K, 0% used [0x00000000eb700000,0x00000000eb700000,0x00000000eb780000)
 ParOldGen       total 68608K, used 64622K [0x00000000c0000000, 0x00000000c4300000, 0x00000000eab00000)
  object space 68608K, 94% used [0x00000000c0000000,0x00000000c3f1bbe0,0x00000000c4300000)
 Metaspace       used 71636K, committed 73280K, reserved 1114112K
  class space    used 7938K, committed 8640K, reserved 1048576K
GC Heap History (20 events):
Event: 10.316 GC heap before
{Heap before GC invocations=51 (full 3):
 PSYoungGen      total 13824K, used 13752K [0x00000000eab00000, 0x00000000ec100000, 0x0000000100000000)
  eden space 12288K, 99% used [0x00000000eab00000,0x00000000eb6f1e80,0x00000000eb700000)
  from space 1536K, 99% used [0x00000000eb700000,0x00000000eb87c3d8,0x00000000eb880000)
  to   space 5120K, 0% used [0x00000000ebc00000,0x00000000ebc00000,0x00000000ec100000)
 ParOldGen       total 68608K, used 55454K [0x00000000c0000000, 0x00000000c4300000, 0x00000000eab00000)
  object space 68608K, 80% used [0x00000000c0000000,0x00000000c3627b30,0x00000000c4300000)
 Metaspace       used 64771K, committed 66240K, reserved 1114112K
  class space    used 7320K, committed 7936K, reserved 1048576K
}
Event: 10.318 GC heap after
{Heap after GC invocations=51 (full 3):
 PSYoungGen      total 13824K, used 1312K [0x00000000eab00000, 0x00000000ebd80000, 0x0000000100000000)
  eden space 12288K, 0% used [0x00000000eab00000,0x00000000eab00000,0x00000000eb700000)
  from space 1536K, 85% used [0x00000000ebc00000,0x00000000ebd48020,0x00000000ebd80000)
  to   space 2560K, 0% used [0x00000000eb880000,0x00000000eb880000,0x00000000ebb00000)
 ParOldGen       total 68608K, used 55874K [0x00000000c0000000, 0x00000000c4300000, 0x00000000eab00000)
  object space 68608K, 81% used [0x00000000c0000000,0x00000000c3690b38,0x00000000c4300000)
 Metaspace       used 64771K, committed 66240K, reserved 1114112K
  class space    used 7320K, committed 7936K, reserved 1048576K
}
Event: 10.462 GC heap before
{Heap before GC invocations=52 (full 3):
 PSYoungGen      total 13824K, used 13600K [0x00000000eab00000, 0x00000000ebd80000, 0x0000000100000000)
  eden space 12288K, 100% used [0x00000000eab00000,0x00000000eb700000,0x00000000eb700000)
  from space 1536K, 85% used [0x00000000ebc00000,0x00000000ebd48020,0x00000000ebd80000)
  to   space 2560K, 0% used [0x00000000eb880000,0x00000000eb880000,0x00000000ebb00000)
 ParOldGen       total 68608K, used 55874K [0x00000000c0000000, 0x00000000c4300000, 0x00000000eab00000)
  object space 68608K, 81% used [0x00000000c0000000,0x00000000c3690b38,0x00000000c4300000)
 Metaspace       used 66093K, committed 67584K, reserved 1114112K
  class space    used 7441K, committed 8064K, reserved 1048576K
}
Event: 10.463 GC heap after
{Heap after GC invocations=52 (full 3):
 PSYoungGen      total 14848K, used 658K [0x00000000eab00000, 0x00000000ebc80000, 0x0000000100000000)
  eden space 12288K, 0% used [0x00000000eab00000,0x00000000eab00000,0x00000000eb700000)
  from space 2560K, 25% used [0x00000000eb880000,0x00000000eb924b50,0x00000000ebb00000)
  to   space 1536K, 0% used [0x00000000ebb00000,0x00000000ebb00000,0x00000000ebc80000)
 ParOldGen       total 68608K, used 57017K [0x00000000c0000000, 0x00000000c4300000, 0x00000000eab00000)
  object space 68608K, 83% used [0x00000000c0000000,0x00000000c37ae598,0x00000000c4300000)
 Metaspace       used 66093K, committed 67584K, reserved 1114112K
  class space    used 7441K, committed 8064K, reserved 1048576K
}
Event: 10.691 GC heap before
{Heap before GC invocations=53 (full 3):
 PSYoungGen      total 14848K, used 12942K [0x00000000eab00000, 0x00000000ebc80000, 0x0000000100000000)
  eden space 12288K, 99% used [0x00000000eab00000,0x00000000eb6ff030,0x00000000eb700000)
  from space 2560K, 25% used [0x00000000eb880000,0x00000000eb924b50,0x00000000ebb00000)
  to   space 1536K, 0% used [0x00000000ebb00000,0x00000000ebb00000,0x00000000ebc80000)
 ParOldGen       total 68608K, used 57017K [0x00000000c0000000, 0x00000000c4300000, 0x00000000eab00000)
  object space 68608K, 83% used [0x00000000c0000000,0x00000000c37ae598,0x00000000c4300000)
 Metaspace       used 67363K, committed 68864K, reserved 1114112K
  class space    used 7578K, committed 8192K, reserved 1048576K
}
Event: 10.693 GC heap after
{Heap after GC invocations=53 (full 3):
 PSYoungGen      total 13824K, used 1280K [0x00000000eab00000, 0x00000000ebc80000, 0x0000000100000000)
  eden space 12288K, 0% used [0x00000000eab00000,0x00000000eab00000,0x00000000eb700000)
  from space 1536K, 83% used [0x00000000ebb00000,0x00000000ebc40000,0x00000000ebc80000)
  to   space 1536K, 0% used [0x00000000eb980000,0x00000000eb980000,0x00000000ebb00000)
 ParOldGen       total 68608K, used 57444K [0x00000000c0000000, 0x00000000c4300000, 0x00000000eab00000)
  object space 68608K, 83% used [0x00000000c0000000,0x00000000c38190e8,0x00000000c4300000)
 Metaspace       used 67363K, committed 68864K, reserved 1114112K
  class space    used 7578K, committed 8192K, reserved 1048576K
}
Event: 12.126 GC heap before
{Heap before GC invocations=54 (full 3):
 PSYoungGen      total 13824K, used 13568K [0x00000000eab00000, 0x00000000ebc80000, 0x0000000100000000)
  eden space 12288K, 100% used [0x00000000eab00000,0x00000000eb700000,0x00000000eb700000)
  from space 1536K, 83% used [0x00000000ebb00000,0x00000000ebc40000,0x00000000ebc80000)
  to   space 1536K, 0% used [0x00000000eb980000,0x00000000eb980000,0x00000000ebb00000)
 ParOldGen       total 68608K, used 57444K [0x00000000c0000000, 0x00000000c4300000, 0x00000000eab00000)
  object space 68608K, 83% used [0x00000000c0000000,0x00000000c38190e8,0x00000000c4300000)
 Metaspace       used 68391K, committed 69888K, reserved 1114112K
  class space    used 7690K, committed 8320K, reserved 1048576K
}
Event: 12.127 GC heap after
{Heap after GC invocations=54 (full 3):
 PSYoungGen      total 13312K, used 920K [0x00000000eab00000, 0x00000000ebb80000, 0x0000000100000000)
  eden space 12288K, 0% used [0x00000000eab00000,0x00000000eab00000,0x00000000eb700000)
  from space 1024K, 89% used [0x00000000eb980000,0x00000000eba66120,0x00000000eba80000)
  to   space 1024K, 0% used [0x00000000eba80000,0x00000000eba80000,0x00000000ebb80000)
 ParOldGen       total 68608K, used 58511K [0x00000000c0000000, 0x00000000c4300000, 0x00000000eab00000)
  object space 68608K, 85% used [0x00000000c0000000,0x00000000c3923db0,0x00000000c4300000)
 Metaspace       used 68391K, committed 69888K, reserved 1114112K
  class space    used 7690K, committed 8320K, reserved 1048576K
}
Event: 12.398 GC heap before
{Heap before GC invocations=55 (full 3):
 PSYoungGen      total 13312K, used 13208K [0x00000000eab00000, 0x00000000ebb80000, 0x0000000100000000)
  eden space 12288K, 100% used [0x00000000eab00000,0x00000000eb700000,0x00000000eb700000)
  from space 1024K, 89% used [0x00000000eb980000,0x00000000eba66120,0x00000000eba80000)
  to   space 1024K, 0% used [0x00000000eba80000,0x00000000eba80000,0x00000000ebb80000)
 ParOldGen       total 68608K, used 58511K [0x00000000c0000000, 0x00000000c4300000, 0x00000000eab00000)
  object space 68608K, 85% used [0x00000000c0000000,0x00000000c3923db0,0x00000000c4300000)
 Metaspace       used 68917K, committed 70400K, reserved 1114112K
  class space    used 7745K, committed 8384K, reserved 1048576K
}
Event: 12.401 GC heap after
{Heap after GC invocations=55 (full 3):
 PSYoungGen      total 13312K, used 1017K [0x00000000eab00000, 0x00000000ebc00000, 0x0000000100000000)
  eden space 12288K, 0% used [0x00000000eab00000,0x00000000eab00000,0x00000000eb700000)
  from space 1024K, 99% used [0x00000000eba80000,0x00000000ebb7e488,0x00000000ebb80000)
  to   space 2560K, 0% used [0x00000000eb700000,0x00000000eb700000,0x00000000eb980000)
 ParOldGen       total 68608K, used 59509K [0x00000000c0000000, 0x00000000c4300000, 0x00000000eab00000)
  object space 68608K, 86% used [0x00000000c0000000,0x00000000c3a1d7c0,0x00000000c4300000)
 Metaspace       used 68917K, committed 70400K, reserved 1114112K
  class space    used 7745K, committed 8384K, reserved 1048576K
}
Event: 12.689 GC heap before
{Heap before GC invocations=56 (full 3):
 PSYoungGen      total 13312K, used 13305K [0x00000000eab00000, 0x00000000ebc00000, 0x0000000100000000)
  eden space 12288K, 100% used [0x00000000eab00000,0x00000000eb700000,0x00000000eb700000)
  from space 1024K, 99% used [0x00000000eba80000,0x00000000ebb7e488,0x00000000ebb80000)
  to   space 2560K, 0% used [0x00000000eb700000,0x00000000eb700000,0x00000000eb980000)
 ParOldGen       total 68608K, used 59509K [0x00000000c0000000, 0x00000000c4300000, 0x00000000eab00000)
  object space 68608K, 86% used [0x00000000c0000000,0x00000000c3a1d7c0,0x00000000c4300000)
 Metaspace       used 69597K, committed 71168K, reserved 1114112K
  class space    used 7787K, committed 8448K, reserved 1048576K
}
Event: 12.693 GC heap after
{Heap after GC invocations=56 (full 3):
 PSYoungGen      total 14848K, used 2045K [0x00000000eab00000, 0x00000000ebc00000, 0x0000000100000000)
  eden space 12288K, 0% used [0x00000000eab00000,0x00000000eab00000,0x00000000eb700000)
  from space 2560K, 79% used [0x00000000eb700000,0x00000000eb8ff5e8,0x00000000eb980000)
  to   space 2560K, 0% used [0x00000000eb980000,0x00000000eb980000,0x00000000ebc00000)
 ParOldGen       total 68608K, used 60488K [0x00000000c0000000, 0x00000000c4300000, 0x00000000eab00000)
  object space 68608K, 88% used [0x00000000c0000000,0x00000000c3b12028,0x00000000c4300000)
 Metaspace       used 69597K, committed 71168K, reserved 1114112K
  class space    used 7787K, committed 8448K, reserved 1048576K
}
Event: 12.903 GC heap before
{Heap before GC invocations=57 (full 3):
 PSYoungGen      total 14848K, used 14333K [0x00000000eab00000, 0x00000000ebc00000, 0x0000000100000000)
  eden space 12288K, 100% used [0x00000000eab00000,0x00000000eb700000,0x00000000eb700000)
  from space 2560K, 79% used [0x00000000eb700000,0x00000000eb8ff5e8,0x00000000eb980000)
  to   space 2560K, 0% used [0x00000000eb980000,0x00000000eb980000,0x00000000ebc00000)
 ParOldGen       total 68608K, used 60488K [0x00000000c0000000, 0x00000000c4300000, 0x00000000eab00000)
  object space 68608K, 88% used [0x00000000c0000000,0x00000000c3b12028,0x00000000c4300000)
 Metaspace       used 70173K, committed 71680K, reserved 1114112K
  class space    used 7806K, committed 8448K, reserved 1048576K
}
Event: 12.906 GC heap after
{Heap after GC invocations=57 (full 3):
 PSYoungGen      total 12288K, used 2528K [0x00000000eab00000, 0x00000000ec100000, 0x0000000100000000)
  eden space 9728K, 0% used [0x00000000eab00000,0x00000000eab00000,0x00000000eb480000)
  from space 2560K, 98% used [0x00000000eb980000,0x00000000ebbf82d8,0x00000000ebc00000)
  to   space 5120K, 0% used [0x00000000eb480000,0x00000000eb480000,0x00000000eb980000)
 ParOldGen       total 68608K, used 62454K [0x00000000c0000000, 0x00000000c4300000, 0x00000000eab00000)
  object space 68608K, 91% used [0x00000000c0000000,0x00000000c3cfd9d8,0x00000000c4300000)
 Metaspace       used 70173K, committed 71680K, reserved 1114112K
  class space    used 7806K, committed 8448K, reserved 1048576K
}
Event: 13.067 GC heap before
{Heap before GC invocations=58 (full 3):
 PSYoungGen      total 12288K, used 12256K [0x00000000eab00000, 0x00000000ec100000, 0x0000000100000000)
  eden space 9728K, 100% used [0x00000000eab00000,0x00000000eb480000,0x00000000eb480000)
  from space 2560K, 98% used [0x00000000eb980000,0x00000000ebbf82d8,0x00000000ebc00000)
  to   space 5120K, 0% used [0x00000000eb480000,0x00000000eb480000,0x00000000eb980000)
 ParOldGen       total 68608K, used 62454K [0x00000000c0000000, 0x00000000c4300000, 0x00000000eab00000)
  object space 68608K, 91% used [0x00000000c0000000,0x00000000c3cfd9d8,0x00000000c4300000)
 Metaspace       used 70635K, committed 72192K, reserved 1114112K
  class space    used 7833K, committed 8512K, reserved 1048576K
}
Event: 13.070 GC heap after
{Heap after GC invocations=58 (full 3):
 PSYoungGen      total 11776K, used 1705K [0x00000000eab00000, 0x00000000eba80000, 0x0000000100000000)
  eden space 9728K, 0% used [0x00000000eab00000,0x00000000eab00000,0x00000000eb480000)
  from space 2048K, 83% used [0x00000000eb480000,0x00000000eb62a478,0x00000000eb680000)
  to   space 3072K, 0% used [0x00000000eb780000,0x00000000eb780000,0x00000000eba80000)
 ParOldGen       total 68608K, used 63773K [0x00000000c0000000, 0x00000000c4300000, 0x00000000eab00000)
  object space 68608K, 92% used [0x00000000c0000000,0x00000000c3e47778,0x00000000c4300000)
 Metaspace       used 70635K, committed 72192K, reserved 1114112K
  class space    used 7833K, committed 8512K, reserved 1048576K
}
Event: 13.221 GC heap before
{Heap before GC invocations=59 (full 3):
 PSYoungGen      total 11776K, used 11433K [0x00000000eab00000, 0x00000000eba80000, 0x0000000100000000)
  eden space 9728K, 100% used [0x00000000eab00000,0x00000000eb480000,0x00000000eb480000)
  from space 2048K, 83% used [0x00000000eb480000,0x00000000eb62a478,0x00000000eb680000)
  to   space 3072K, 0% used [0x00000000eb780000,0x00000000eb780000,0x00000000eba80000)
 ParOldGen       total 68608K, used 63773K [0x00000000c0000000, 0x00000000c4300000, 0x00000000eab00000)
  object space 68608K, 92% used [0x00000000c0000000,0x00000000c3e47778,0x00000000c4300000)
 Metaspace       used 71262K, committed 72832K, reserved 1114112K
  class space    used 7938K, committed 8640K, reserved 1048576K
}
Event: 13.222 GC heap after
{Heap after GC invocations=59 (full 3):
 PSYoungGen      total 10240K, used 416K [0x00000000eab00000, 0x00000000eb800000, 0x0000000100000000)
  eden space 9728K, 0% used [0x00000000eab00000,0x00000000eab00000,0x00000000eb480000)
  from space 512K, 81% used [0x00000000eb780000,0x00000000eb7e8000,0x00000000eb800000)
  to   space 1536K, 0% used [0x00000000eb500000,0x00000000eb500000,0x00000000eb680000)
 ParOldGen       total 68608K, used 64358K [0x00000000c0000000, 0x00000000c4300000, 0x00000000eab00000)
  object space 68608K, 93% used [0x00000000c0000000,0x00000000c3ed9be0,0x00000000c4300000)
 Metaspace       used 71262K, committed 72832K, reserved 1114112K
  class space    used 7938K, committed 8640K, reserved 1048576K
}
Event: 13.318 GC heap before
{Heap before GC invocations=60 (full 3):
 PSYoungGen      total 10240K, used 10144K [0x00000000eab00000, 0x00000000eb800000, 0x0000000100000000)
  eden space 9728K, 100% used [0x00000000eab00000,0x00000000eb480000,0x00000000eb480000)
  from space 512K, 81% used [0x00000000eb780000,0x00000000eb7e8000,0x00000000eb800000)
  to   space 1536K, 0% used [0x00000000eb500000,0x00000000eb500000,0x00000000eb680000)
 ParOldGen       total 68608K, used 64358K [0x00000000c0000000, 0x00000000c4300000, 0x00000000eab00000)
  object space 68608K, 93% used [0x00000000c0000000,0x00000000c3ed9be0,0x00000000c4300000)
 Metaspace       used 71340K, committed 72896K, reserved 1114112K
  class space    used 7938K, committed 8640K, reserved 1048576K
}
Event: 13.319 GC heap after
{Heap after GC invocations=60 (full 3):
 PSYoungGen      total 11264K, used 288K [0x00000000eab00000, 0x00000000eb800000, 0x0000000100000000)
  eden space 9728K, 0% used [0x00000000eab00000,0x00000000eab00000,0x00000000eb480000)
  from space 1536K, 18% used [0x00000000eb500000,0x00000000eb548000,0x00000000eb680000)
  to   space 512K, 0% used [0x00000000eb780000,0x00000000eb780000,0x00000000eb800000)
 ParOldGen       total 68608K, used 64582K [0x00000000c0000000, 0x00000000c4300000, 0x00000000eab00000)
  object space 68608K, 94% used [0x00000000c0000000,0x00000000c3f11be0,0x00000000c4300000)
 Metaspace       used 71340K, committed 72896K, reserved 1114112K
  class space    used 7938K, committed 8640K, reserved 1048576K
}

