# JRE version: OpenJDK Runtime Environment Temurin-21.0.5+11 (21.0.5+11) (build 21.0.5+11-LTS)
# Java VM: OpenJDK 64-Bit Server VM Temurin-21.0.5+11 (21.0.5+11-LTS, mixed mode, sharing, tiered, compressed oops, compressed class ptrs, parallel gc, windows-amd64)
GC Precious Log:
 CardTable entry size: 512
 CPUs: 12 total, 12 available
 Memory: 15790M
 Large Page Support: Disabled
 NUMA Support: Disabled
 Compressed Oops: Enabled (32-bit)
 Alignments: Space 512K, Generation 512K, Heap 2M
 Heap Min Capacity: 100M
 Heap Initial Capacity: 100M
 Heap Max Capacity: 1G
 Pre-touch: Disabled
 Parallel Workers: 10
Heap:
 PSYoungGen      total 20992K, used 20544K [0x00000000eab00000, 0x00000000ec100000, 0x0000000100000000)
  eden space 20480K, 100% used [0x00000000eab00000,0x00000000ebf00000,0x00000000ebf00000)
  from space 512K, 12% used [0x00000000ec080000,0x00000000ec090000,0x00000000ec100000)
  to   space 512K, 100% used [0x00000000ec000000,0x00000000ec080000,0x00000000ec080000)
 ParOldGen       total 97792K, used 97286K [0x00000000c0000000, 0x00000000c5f80000, 0x00000000eab00000)
  object space 97792K, 99% used [0x00000000c0000000,0x00000000c5f019f0,0x00000000c5f80000)
 Metaspace       used 77148K, committed 78656K, reserved 1179648K
  class space    used 9253K, committed 9920K, reserved 1048576K
GC Heap History (20 events):
Event: 61.670 GC heap after
{Heap after GC invocations=61 (full 3):
 PSYoungGen      total 22528K, used 320K [0x00000000eab00000, 0x00000000ec200000, 0x0000000100000000)
  eden space 22016K, 0% used [0x00000000eab00000,0x00000000eab00000,0x00000000ec080000)
  from space 512K, 62% used [0x00000000ec180000,0x00000000ec1d0000,0x00000000ec200000)
  to   space 512K, 0% used [0x00000000ec100000,0x00000000ec100000,0x00000000ec180000)
 ParOldGen       total 68608K, used 61965K [0x00000000c0000000, 0x00000000c4300000, 0x00000000eab00000)
  object space 68608K, 90% used [0x00000000c0000000,0x00000000c3c836c0,0x00000000c4300000)
 Metaspace       used 69754K, committed 71104K, reserved 1114112K
  class space    used 8476K, committed 9088K, reserved 1048576K
}
Event: 62.451 GC heap before
{Heap before GC invocations=62 (full 3):
 PSYoungGen      total 22528K, used 22336K [0x00000000eab00000, 0x00000000ec200000, 0x0000000100000000)
  eden space 22016K, 100% used [0x00000000eab00000,0x00000000ec080000,0x00000000ec080000)
  from space 512K, 62% used [0x00000000ec180000,0x00000000ec1d0000,0x00000000ec200000)
  to   space 512K, 0% used [0x00000000ec100000,0x00000000ec100000,0x00000000ec180000)
 ParOldGen       total 68608K, used 61965K [0x00000000c0000000, 0x00000000c4300000, 0x00000000eab00000)
  object space 68608K, 90% used [0x00000000c0000000,0x00000000c3c836c0,0x00000000c4300000)
 Metaspace       used 70013K, committed 71488K, reserved 1114112K
  class space    used 8519K, committed 9152K, reserved 1048576K
}
Event: 62.453 GC heap after
{Heap after GC invocations=62 (full 3):
 PSYoungGen      total 22528K, used 448K [0x00000000eab00000, 0x00000000ec200000, 0x0000000100000000)
  eden space 22016K, 0% used [0x00000000eab00000,0x00000000eab00000,0x00000000ec080000)
  from space 512K, 87% used [0x00000000ec100000,0x00000000ec170000,0x00000000ec180000)
  to   space 512K, 0% used [0x00000000ec180000,0x00000000ec180000,0x00000000ec200000)
 ParOldGen       total 68608K, used 62061K [0x00000000c0000000, 0x00000000c4300000, 0x00000000eab00000)
  object space 68608K, 90% used [0x00000000c0000000,0x00000000c3c9b6c0,0x00000000c4300000)
 Metaspace       used 70013K, committed 71488K, reserved 1114112K
  class space    used 8519K, committed 9152K, reserved 1048576K
}
Event: 62.805 GC heap before
{Heap before GC invocations=63 (full 3):
 PSYoungGen      total 22528K, used 22452K [0x00000000eab00000, 0x00000000ec200000, 0x0000000100000000)
  eden space 22016K, 99% used [0x00000000eab00000,0x00000000ec07d058,0x00000000ec080000)
  from space 512K, 87% used [0x00000000ec100000,0x00000000ec170000,0x00000000ec180000)
  to   space 512K, 0% used [0x00000000ec180000,0x00000000ec180000,0x00000000ec200000)
 ParOldGen       total 68608K, used 62061K [0x00000000c0000000, 0x00000000c4300000, 0x00000000eab00000)
  object space 68608K, 90% used [0x00000000c0000000,0x00000000c3c9b6c0,0x00000000c4300000)
 Metaspace       used 70950K, committed 72320K, reserved 1114112K
  class space    used 8598K, committed 9216K, reserved 1048576K
}
Event: 62.806 GC heap after
{Heap after GC invocations=63 (full 3):
 PSYoungGen      total 22528K, used 509K [0x00000000eab00000, 0x00000000ec280000, 0x0000000100000000)
  eden space 22016K, 0% used [0x00000000eab00000,0x00000000eab00000,0x00000000ec080000)
  from space 512K, 99% used [0x00000000ec180000,0x00000000ec1ff7a0,0x00000000ec200000)
  to   space 1024K, 0% used [0x00000000ec080000,0x00000000ec080000,0x00000000ec180000)
 ParOldGen       total 68608K, used 62343K [0x00000000c0000000, 0x00000000c4300000, 0x00000000eab00000)
  object space 68608K, 90% used [0x00000000c0000000,0x00000000c3ce1cd8,0x00000000c4300000)
 Metaspace       used 70950K, committed 72320K, reserved 1114112K
  class space    used 8598K, committed 9216K, reserved 1048576K
}
Event: 132.025 GC heap before
{Heap before GC invocations=64 (full 3):
 PSYoungGen      total 22528K, used 22525K [0x00000000eab00000, 0x00000000ec280000, 0x0000000100000000)
  eden space 22016K, 100% used [0x00000000eab00000,0x00000000ec080000,0x00000000ec080000)
  from space 512K, 99% used [0x00000000ec180000,0x00000000ec1ff7a0,0x00000000ec200000)
  to   space 1024K, 0% used [0x00000000ec080000,0x00000000ec080000,0x00000000ec180000)
 ParOldGen       total 68608K, used 62343K [0x00000000c0000000, 0x00000000c4300000, 0x00000000eab00000)
  object space 68608K, 90% used [0x00000000c0000000,0x00000000c3ce1cd8,0x00000000c4300000)
 Metaspace       used 73093K, committed 74560K, reserved 1114112K
  class space    used 8858K, committed 9472K, reserved 1048576K
}
Event: 132.028 GC heap after
{Heap after GC invocations=64 (full 3):
 PSYoungGen      total 23040K, used 811K [0x00000000eab00000, 0x00000000ec280000, 0x0000000100000000)
  eden space 22016K, 0% used [0x00000000eab00000,0x00000000eab00000,0x00000000ec080000)
  from space 1024K, 79% used [0x00000000ec080000,0x00000000ec14aef0,0x00000000ec180000)
  to   space 1024K, 0% used [0x00000000ec180000,0x00000000ec180000,0x00000000ec280000)
 ParOldGen       total 68608K, used 62803K [0x00000000c0000000, 0x00000000c4300000, 0x00000000eab00000)
  object space 68608K, 91% used [0x00000000c0000000,0x00000000c3d54e38,0x00000000c4300000)
 Metaspace       used 73093K, committed 74560K, reserved 1114112K
  class space    used 8858K, committed 9472K, reserved 1048576K
}
Event: 132.158 GC heap before
{Heap before GC invocations=65 (full 3):
 PSYoungGen      total 23040K, used 22726K [0x00000000eab00000, 0x00000000ec280000, 0x0000000100000000)
  eden space 22016K, 99% used [0x00000000eab00000,0x00000000ec066948,0x00000000ec080000)
  from space 1024K, 79% used [0x00000000ec080000,0x00000000ec14aef0,0x00000000ec180000)
  to   space 1024K, 0% used [0x00000000ec180000,0x00000000ec180000,0x00000000ec280000)
 ParOldGen       total 68608K, used 62803K [0x00000000c0000000, 0x00000000c4300000, 0x00000000eab00000)
  object space 68608K, 91% used [0x00000000c0000000,0x00000000c3d54e38,0x00000000c4300000)
 Metaspace       used 73300K, committed 74688K, reserved 1114112K
  class space    used 8869K, committed 9472K, reserved 1048576K
}
Event: 132.160 GC heap after
{Heap after GC invocations=65 (full 3):
 PSYoungGen      total 21504K, used 992K [0x00000000eab00000, 0x00000000ec580000, 0x0000000100000000)
  eden space 20480K, 0% used [0x00000000eab00000,0x00000000eab00000,0x00000000ebf00000)
  from space 1024K, 96% used [0x00000000ec180000,0x00000000ec278118,0x00000000ec280000)
  to   space 2560K, 0% used [0x00000000ebf00000,0x00000000ebf00000,0x00000000ec180000)
 ParOldGen       total 68608K, used 63840K [0x00000000c0000000, 0x00000000c4300000, 0x00000000eab00000)
  object space 68608K, 93% used [0x00000000c0000000,0x00000000c3e58208,0x00000000c4300000)
 Metaspace       used 73300K, committed 74688K, reserved 1114112K
  class space    used 8869K, committed 9472K, reserved 1048576K
}
Event: 132.438 GC heap before
{Heap before GC invocations=66 (full 3):
 PSYoungGen      total 21504K, used 21472K [0x00000000eab00000, 0x00000000ec580000, 0x0000000100000000)
  eden space 20480K, 100% used [0x00000000eab00000,0x00000000ebf00000,0x00000000ebf00000)
  from space 1024K, 96% used [0x00000000ec180000,0x00000000ec278118,0x00000000ec280000)
  to   space 2560K, 0% used [0x00000000ebf00000,0x00000000ebf00000,0x00000000ec180000)
 ParOldGen       total 68608K, used 63840K [0x00000000c0000000, 0x00000000c4300000, 0x00000000eab00000)
  object space 68608K, 93% used [0x00000000c0000000,0x00000000c3e58208,0x00000000c4300000)
 Metaspace       used 74540K, committed 75968K, reserved 1179648K
  class space    used 8991K, committed 9600K, reserved 1048576K
}
Event: 132.440 GC heap after
{Heap after GC invocations=66 (full 3):
 PSYoungGen      total 20992K, used 352K [0x00000000eab00000, 0x00000000ec200000, 0x0000000100000000)
  eden space 20480K, 0% used [0x00000000eab00000,0x00000000eab00000,0x00000000ebf00000)
  from space 512K, 68% used [0x00000000ebf00000,0x00000000ebf58010,0x00000000ebf80000)
  to   space 1024K, 0% used [0x00000000ec100000,0x00000000ec100000,0x00000000ec200000)
 ParOldGen       total 68608K, used 64206K [0x00000000c0000000, 0x00000000c4300000, 0x00000000eab00000)
  object space 68608K, 93% used [0x00000000c0000000,0x00000000c3eb3890,0x00000000c4300000)
 Metaspace       used 74540K, committed 75968K, reserved 1179648K
  class space    used 8991K, committed 9600K, reserved 1048576K
}
Event: 133.052 GC heap before
{Heap before GC invocations=67 (full 3):
 PSYoungGen      total 20992K, used 20832K [0x00000000eab00000, 0x00000000ec200000, 0x0000000100000000)
  eden space 20480K, 100% used [0x00000000eab00000,0x00000000ebf00000,0x00000000ebf00000)
  from space 512K, 68% used [0x00000000ebf00000,0x00000000ebf58010,0x00000000ebf80000)
  to   space 1024K, 0% used [0x00000000ec100000,0x00000000ec100000,0x00000000ec200000)
 ParOldGen       total 68608K, used 64206K [0x00000000c0000000, 0x00000000c4300000, 0x00000000eab00000)
  object space 68608K, 93% used [0x00000000c0000000,0x00000000c3eb3890,0x00000000c4300000)
 Metaspace       used 75316K, committed 76736K, reserved 1179648K
  class space    used 9096K, committed 9728K, reserved 1048576K
}
Event: 133.053 GC heap after
{Heap after GC invocations=67 (full 3):
 PSYoungGen      total 20992K, used 480K [0x00000000eab00000, 0x00000000ec180000, 0x0000000100000000)
  eden space 20480K, 0% used [0x00000000eab00000,0x00000000eab00000,0x00000000ebf00000)
  from space 512K, 93% used [0x00000000ec100000,0x00000000ec178010,0x00000000ec180000)
  to   space 1024K, 0% used [0x00000000ebf80000,0x00000000ebf80000,0x00000000ec080000)
 ParOldGen       total 68608K, used 64366K [0x00000000c0000000, 0x00000000c4300000, 0x00000000eab00000)
  object space 68608K, 93% used [0x00000000c0000000,0x00000000c3edb890,0x00000000c4300000)
 Metaspace       used 75316K, committed 76736K, reserved 1179648K
  class space    used 9096K, committed 9728K, reserved 1048576K
}
Event: 133.338 GC heap before
{Heap before GC invocations=68 (full 3):
 PSYoungGen      total 20992K, used 20163K [0x00000000eab00000, 0x00000000ec180000, 0x0000000100000000)
  eden space 20480K, 96% used [0x00000000eab00000,0x00000000ebe38f10,0x00000000ebf00000)
  from space 512K, 93% used [0x00000000ec100000,0x00000000ec178010,0x00000000ec180000)
  to   space 1024K, 0% used [0x00000000ebf80000,0x00000000ebf80000,0x00000000ec080000)
 ParOldGen       total 68608K, used 64366K [0x00000000c0000000, 0x00000000c4300000, 0x00000000eab00000)
  object space 68608K, 93% used [0x00000000c0000000,0x00000000c3edb890,0x00000000c4300000)
 Metaspace       used 77142K, committed 78656K, reserved 1179648K
  class space    used 9251K, committed 9920K, reserved 1048576K
}
Event: 133.341 GC heap after
{Heap after GC invocations=68 (full 3):
 PSYoungGen      total 21504K, used 824K [0x00000000eab00000, 0x00000000ec180000, 0x0000000100000000)
  eden space 20480K, 0% used [0x00000000eab00000,0x00000000eab00000,0x00000000ebf00000)
  from space 1024K, 80% used [0x00000000ebf80000,0x00000000ec04e2a0,0x00000000ec080000)
  to   space 1024K, 0% used [0x00000000ec080000,0x00000000ec080000,0x00000000ec180000)
 ParOldGen       total 68608K, used 68223K [0x00000000c0000000, 0x00000000c4300000, 0x00000000eab00000)
  object space 68608K, 99% used [0x00000000c0000000,0x00000000c429fdb0,0x00000000c4300000)
 Metaspace       used 77142K, committed 78656K, reserved 1179648K
  class space    used 9251K, committed 9920K, reserved 1048576K
}
Event: 133.405 GC heap before
{Heap before GC invocations=69 (full 3):
 PSYoungGen      total 21504K, used 15559K [0x00000000eab00000, 0x00000000ec180000, 0x0000000100000000)
  eden space 20480K, 71% used [0x00000000eab00000,0x00000000eb963b20,0x00000000ebf00000)
  from space 1024K, 80% used [0x00000000ebf80000,0x00000000ec04e2a0,0x00000000ec080000)
  to   space 1024K, 0% used [0x00000000ec080000,0x00000000ec080000,0x00000000ec180000)
 ParOldGen       total 95232K, used 94552K [0x00000000c0000000, 0x00000000c5d00000, 0x00000000eab00000)
  object space 95232K, 99% used [0x00000000c0000000,0x00000000c5c56360,0x00000000c5d00000)
 Metaspace       used 77145K, committed 78656K, reserved 1179648K
  class space    used 9252K, committed 9920K, reserved 1048576K
}
Event: 133.406 GC heap after
{Heap after GC invocations=69 (full 3):
 PSYoungGen      total 20992K, used 64K [0x00000000eab00000, 0x00000000ec100000, 0x0000000100000000)
  eden space 20480K, 0% used [0x00000000eab00000,0x00000000eab00000,0x00000000ebf00000)
  from space 512K, 12% used [0x00000000ec080000,0x00000000ec090000,0x00000000ec100000)
  to   space 512K, 0% used [0x00000000ec000000,0x00000000ec000000,0x00000000ec080000)
 ParOldGen       total 95744K, used 95238K [0x00000000c0000000, 0x00000000c5d80000, 0x00000000eab00000)
  object space 95744K, 99% used [0x00000000c0000000,0x00000000c5d019f0,0x00000000c5d80000)
 Metaspace       used 77145K, committed 78656K, reserved 1179648K
  class space    used 9252K, committed 9920K, reserved 1048576K
}
Event: 133.441 GC heap before
{Heap before GC invocations=70 (full 3):
 PSYoungGen      total 20992K, used 20544K [0x00000000eab00000, 0x00000000ec100000, 0x0000000100000000)
  eden space 20480K, 100% used [0x00000000eab00000,0x00000000ebf00000,0x00000000ebf00000)
  from space 512K, 12% used [0x00000000ec080000,0x00000000ec090000,0x00000000ec100000)
  to   space 512K, 0% used [0x00000000ec000000,0x00000000ec000000,0x00000000ec080000)
 ParOldGen       total 95744K, used 95238K [0x00000000c0000000, 0x00000000c5d80000, 0x00000000eab00000)
  object space 95744K, 99% used [0x00000000c0000000,0x00000000c5d019f0,0x00000000c5d80000)
 Metaspace       used 77148K, committed 78656K, reserved 1179648K
  class space    used 9253K, committed 9920K, reserved 1048576K
}
Event: 133.451 GC heap after
{Heap after GC invocations=70 (full 3):
 PSYoungGen      total 20992K, used 20544K [0x00000000eab00000, 0x00000000ec100000, 0x0000000100000000)
  eden space 20480K, 100% used [0x00000000eab00000,0x00000000ebf00000,0x00000000ebf00000)
  from space 512K, 12% used [0x00000000ec080000,0x00000000ec090000,0x00000000ec100000)
  to   space 512K, 100% used [0x00000000ec000000,0x00000000ec080000,0x00000000ec080000)
 ParOldGen       total 97792K, used 97286K [0x00000000c0000000, 0x00000000c5f80000, 0x00000000eab00000)
  object space 97792K, 99% used [0x00000000c0000000,0x00000000c5f019f0,0x00000000c5f80000)
 Metaspace       used 77148K, committed 78656K, reserved 1179648K
  class space    used 9253K, committed 9920K, reserved 1048576K
}
Event: 133.451 GC heap before
{Heap before GC invocations=71 (full 4):
 PSYoungGen      total 20992K, used 20544K [0x00000000eab00000, 0x00000000ec100000, 0x0000000100000000)
  eden space 20480K, 100% used [0x00000000eab00000,0x00000000ebf00000,0x00000000ebf00000)
  from space 512K, 12% used [0x00000000ec080000,0x00000000ec090000,0x00000000ec100000)
  to   space 512K, 100% used [0x00000000ec000000,0x00000000ec080000,0x00000000ec080000)
 ParOldGen       total 97792K, used 97286K [0x00000000c0000000, 0x00000000c5f80000, 0x00000000eab00000)
  object space 97792K, 99% used [0x00000000c0000000,0x00000000c5f019f0,0x00000000c5f80000)
 Metaspace       used 77148K, committed 78656K, reserved 1179648K
  class space    used 9253K, committed 9920K, reserved 1048576K
}

