# JRE version: OpenJDK Runtime Environment Temurin-21.0.7+6 (21.0.7+6) (build 21.0.7+6-LTS)
# Java VM: OpenJDK 64-Bit Server VM Temurin-21.0.7+6 (21.0.7+6-LTS, mixed mode, sharing, tiered, compressed oops, compressed class ptrs, parallel gc, windows-amd64)
GC Precious Log:
 CardTable entry size: 512
 CPUs: 12 total, 12 available
 Memory: 15790M
 Large Page Support: Disabled
 NUMA Support: Disabled
 Compressed Oops: Enabled (32-bit)
 Alignments: Space 512K, Generation 512K, Heap 2M
 Heap Min Capacity: 100M
 Heap Initial Capacity: 100M
 Heap Max Capacity: 2G
 Pre-touch: Disabled
 Parallel Workers: 10
Heap:
 PSYoungGen      total 5120K, used 1924K [0x00000000d5580000, 0x00000000d5c00000, 0x0000000100000000)
  eden space 4608K, 30% used [0x00000000d5580000,0x00000000d56e10d0,0x00000000d5a00000)
  from space 512K, 100% used [0x00000000d5b00000,0x00000000d5b80000,0x00000000d5b80000)
  to   space 1024K, 0% used [0x00000000d5a00000,0x00000000d5a00000,0x00000000d5b00000)
 ParOldGen       total 416256K, used 415817K [0x0000000080000000, 0x0000000099680000, 0x00000000d5580000)
  object space 416256K, 99% used [0x0000000080000000,0x0000000099612490,0x0000000099680000)
 Metaspace       used 67469K, committed 68800K, reserved 1114112K
  class space    used 8140K, committed 8704K, reserved 1048576K
GC Heap History (20 events):
Event: 35.262 GC heap before
{Heap before GC invocations=394 (full 3):
 PSYoungGen      total 6144K, used 5699K [0x00000000d5580000, 0x00000000d5c80000, 0x0000000100000000)
  eden space 5120K, 100% used [0x00000000d5580000,0x00000000d5a80000,0x00000000d5a80000)
  from space 1024K, 56% used [0x00000000d5b80000,0x00000000d5c10df0,0x00000000d5c80000)
  to   space 1024K, 0% used [0x00000000d5a80000,0x00000000d5a80000,0x00000000d5b80000)
 ParOldGen       total 413696K, used 413601K [0x0000000080000000, 0x0000000099400000, 0x00000000d5580000)
  object space 413696K, 99% used [0x0000000080000000,0x00000000993e85a8,0x0000000099400000)
 Metaspace       used 65766K, committed 67200K, reserved 1114112K
  class space    used 7895K, committed 8512K, reserved 1048576K
}
Event: 35.263 GC heap after
{Heap after GC invocations=394 (full 3):
 PSYoungGen      total 6144K, used 256K [0x00000000d5580000, 0x00000000d5c00000, 0x0000000100000000)
  eden space 5120K, 0% used [0x00000000d5580000,0x00000000d5580000,0x00000000d5a80000)
  from space 1024K, 25% used [0x00000000d5a80000,0x00000000d5ac0000,0x00000000d5b80000)
  to   space 512K, 0% used [0x00000000d5b80000,0x00000000d5b80000,0x00000000d5c00000)
 ParOldGen       total 414208K, used 413946K [0x0000000080000000, 0x0000000099480000, 0x00000000d5580000)
  object space 414208K, 99% used [0x0000000080000000,0x000000009943e860,0x0000000099480000)
 Metaspace       used 65766K, committed 67200K, reserved 1114112K
  class space    used 7895K, committed 8512K, reserved 1048576K
}
Event: 35.287 GC heap before
{Heap before GC invocations=395 (full 3):
 PSYoungGen      total 6144K, used 5376K [0x00000000d5580000, 0x00000000d5c00000, 0x0000000100000000)
  eden space 5120K, 100% used [0x00000000d5580000,0x00000000d5a80000,0x00000000d5a80000)
  from space 1024K, 25% used [0x00000000d5a80000,0x00000000d5ac0000,0x00000000d5b80000)
  to   space 512K, 0% used [0x00000000d5b80000,0x00000000d5b80000,0x00000000d5c00000)
 ParOldGen       total 414208K, used 413946K [0x0000000080000000, 0x0000000099480000, 0x00000000d5580000)
  object space 414208K, 99% used [0x0000000080000000,0x000000009943e860,0x0000000099480000)
 Metaspace       used 65766K, committed 67200K, reserved 1114112K
  class space    used 7895K, committed 8512K, reserved 1048576K
}
Event: 35.289 GC heap after
{Heap after GC invocations=395 (full 3):
 PSYoungGen      total 5632K, used 288K [0x00000000d5580000, 0x00000000d5c00000, 0x0000000100000000)
  eden space 5120K, 0% used [0x00000000d5580000,0x00000000d5580000,0x00000000d5a80000)
  from space 512K, 56% used [0x00000000d5b80000,0x00000000d5bc8000,0x00000000d5c00000)
  to   space 512K, 0% used [0x00000000d5b00000,0x00000000d5b00000,0x00000000d5b80000)
 ParOldGen       total 414208K, used 414002K [0x0000000080000000, 0x0000000099480000, 0x00000000d5580000)
  object space 414208K, 99% used [0x0000000080000000,0x000000009944c860,0x0000000099480000)
 Metaspace       used 65766K, committed 67200K, reserved 1114112K
  class space    used 7895K, committed 8512K, reserved 1048576K
}
Event: 35.314 GC heap before
{Heap before GC invocations=396 (full 3):
 PSYoungGen      total 5632K, used 5408K [0x00000000d5580000, 0x00000000d5c00000, 0x0000000100000000)
  eden space 5120K, 100% used [0x00000000d5580000,0x00000000d5a80000,0x00000000d5a80000)
  from space 512K, 56% used [0x00000000d5b80000,0x00000000d5bc8000,0x00000000d5c00000)
  to   space 512K, 0% used [0x00000000d5b00000,0x00000000d5b00000,0x00000000d5b80000)
 ParOldGen       total 414208K, used 414002K [0x0000000080000000, 0x0000000099480000, 0x00000000d5580000)
  object space 414208K, 99% used [0x0000000080000000,0x000000009944c860,0x0000000099480000)
 Metaspace       used 65766K, committed 67200K, reserved 1114112K
  class space    used 7895K, committed 8512K, reserved 1048576K
}
Event: 35.315 GC heap after
{Heap after GC invocations=396 (full 3):
 PSYoungGen      total 5632K, used 352K [0x00000000d5580000, 0x00000000d5c00000, 0x0000000100000000)
  eden space 5120K, 0% used [0x00000000d5580000,0x00000000d5580000,0x00000000d5a80000)
  from space 512K, 68% used [0x00000000d5b00000,0x00000000d5b58000,0x00000000d5b80000)
  to   space 512K, 0% used [0x00000000d5b80000,0x00000000d5b80000,0x00000000d5c00000)
 ParOldGen       total 414208K, used 414114K [0x0000000080000000, 0x0000000099480000, 0x00000000d5580000)
  object space 414208K, 99% used [0x0000000080000000,0x0000000099468870,0x0000000099480000)
 Metaspace       used 65766K, committed 67200K, reserved 1114112K
  class space    used 7895K, committed 8512K, reserved 1048576K
}
Event: 35.340 GC heap before
{Heap before GC invocations=397 (full 3):
 PSYoungGen      total 5632K, used 5472K [0x00000000d5580000, 0x00000000d5c00000, 0x0000000100000000)
  eden space 5120K, 100% used [0x00000000d5580000,0x00000000d5a80000,0x00000000d5a80000)
  from space 512K, 68% used [0x00000000d5b00000,0x00000000d5b58000,0x00000000d5b80000)
  to   space 512K, 0% used [0x00000000d5b80000,0x00000000d5b80000,0x00000000d5c00000)
 ParOldGen       total 414208K, used 414114K [0x0000000080000000, 0x0000000099480000, 0x00000000d5580000)
  object space 414208K, 99% used [0x0000000080000000,0x0000000099468870,0x0000000099480000)
 Metaspace       used 65766K, committed 67200K, reserved 1114112K
  class space    used 7895K, committed 8512K, reserved 1048576K
}
Event: 35.341 GC heap after
{Heap after GC invocations=397 (full 3):
 PSYoungGen      total 5120K, used 492K [0x00000000d5580000, 0x00000000d5d80000, 0x0000000100000000)
  eden space 4608K, 0% used [0x00000000d5580000,0x00000000d5580000,0x00000000d5a00000)
  from space 512K, 96% used [0x00000000d5b80000,0x00000000d5bfb220,0x00000000d5c00000)
  to   space 1536K, 0% used [0x00000000d5a00000,0x00000000d5a00000,0x00000000d5b80000)
 ParOldGen       total 414720K, used 414550K [0x0000000080000000, 0x0000000099500000, 0x00000000d5580000)
  object space 414720K, 99% used [0x0000000080000000,0x00000000994d5910,0x0000000099500000)
 Metaspace       used 65766K, committed 67200K, reserved 1114112K
  class space    used 7895K, committed 8512K, reserved 1048576K
}
Event: 35.366 GC heap before
{Heap before GC invocations=398 (full 3):
 PSYoungGen      total 5120K, used 5100K [0x00000000d5580000, 0x00000000d5d80000, 0x0000000100000000)
  eden space 4608K, 100% used [0x00000000d5580000,0x00000000d5a00000,0x00000000d5a00000)
  from space 512K, 96% used [0x00000000d5b80000,0x00000000d5bfb220,0x00000000d5c00000)
  to   space 1536K, 0% used [0x00000000d5a00000,0x00000000d5a00000,0x00000000d5b80000)
 ParOldGen       total 414720K, used 414550K [0x0000000080000000, 0x0000000099500000, 0x00000000d5580000)
  object space 414720K, 99% used [0x0000000080000000,0x00000000994d5910,0x0000000099500000)
 Metaspace       used 65766K, committed 67200K, reserved 1114112K
  class space    used 7895K, committed 8512K, reserved 1048576K
}
Event: 35.368 GC heap after
{Heap after GC invocations=398 (full 3):
 PSYoungGen      total 5632K, used 524K [0x00000000d5580000, 0x00000000d5c00000, 0x0000000100000000)
  eden space 4608K, 0% used [0x00000000d5580000,0x00000000d5580000,0x00000000d5a00000)
  from space 1024K, 51% used [0x00000000d5a00000,0x00000000d5a83010,0x00000000d5b00000)
  to   space 1024K, 0% used [0x00000000d5b00000,0x00000000d5b00000,0x00000000d5c00000)
 ParOldGen       total 415232K, used 415141K [0x0000000080000000, 0x0000000099580000, 0x00000000d5580000)
  object space 415232K, 99% used [0x0000000080000000,0x0000000099569738,0x0000000099580000)
 Metaspace       used 65766K, committed 67200K, reserved 1114112K
  class space    used 7895K, committed 8512K, reserved 1048576K
}
Event: 35.409 GC heap before
{Heap before GC invocations=399 (full 3):
 PSYoungGen      total 5632K, used 5132K [0x00000000d5580000, 0x00000000d5c00000, 0x0000000100000000)
  eden space 4608K, 100% used [0x00000000d5580000,0x00000000d5a00000,0x00000000d5a00000)
  from space 1024K, 51% used [0x00000000d5a00000,0x00000000d5a83010,0x00000000d5b00000)
  to   space 1024K, 0% used [0x00000000d5b00000,0x00000000d5b00000,0x00000000d5c00000)
 ParOldGen       total 415232K, used 415141K [0x0000000080000000, 0x0000000099580000, 0x00000000d5580000)
  object space 415232K, 99% used [0x0000000080000000,0x0000000099569738,0x0000000099580000)
 Metaspace       used 65766K, committed 67200K, reserved 1114112K
  class space    used 7895K, committed 8512K, reserved 1048576K
}
Event: 35.410 GC heap after
{Heap after GC invocations=399 (full 3):
 PSYoungGen      total 5120K, used 339K [0x00000000d5580000, 0x00000000d5b80000, 0x0000000100000000)
  eden space 4608K, 0% used [0x00000000d5580000,0x00000000d5580000,0x00000000d5a00000)
  from space 512K, 66% used [0x00000000d5b00000,0x00000000d5b54e58,0x00000000d5b80000)
  to   space 512K, 0% used [0x00000000d5a80000,0x00000000d5a80000,0x00000000d5b00000)
 ParOldGen       total 415744K, used 415361K [0x0000000080000000, 0x0000000099600000, 0x00000000d5580000)
  object space 415744K, 99% used [0x0000000080000000,0x00000000995a0480,0x0000000099600000)
 Metaspace       used 65766K, committed 67200K, reserved 1114112K
  class space    used 7895K, committed 8512K, reserved 1048576K
}
Event: 35.460 GC heap before
{Heap before GC invocations=400 (full 3):
 PSYoungGen      total 5120K, used 4947K [0x00000000d5580000, 0x00000000d5b80000, 0x0000000100000000)
  eden space 4608K, 100% used [0x00000000d5580000,0x00000000d5a00000,0x00000000d5a00000)
  from space 512K, 66% used [0x00000000d5b00000,0x00000000d5b54e58,0x00000000d5b80000)
  to   space 512K, 0% used [0x00000000d5a80000,0x00000000d5a80000,0x00000000d5b00000)
 ParOldGen       total 415744K, used 415361K [0x0000000080000000, 0x0000000099600000, 0x00000000d5580000)
  object space 415744K, 99% used [0x0000000080000000,0x00000000995a0480,0x0000000099600000)
 Metaspace       used 65775K, committed 67200K, reserved 1114112K
  class space    used 7896K, committed 8512K, reserved 1048576K
}
Event: 35.461 GC heap after
{Heap after GC invocations=400 (full 3):
 PSYoungGen      total 5120K, used 320K [0x00000000d5580000, 0x00000000d5b80000, 0x0000000100000000)
  eden space 4608K, 0% used [0x00000000d5580000,0x00000000d5580000,0x00000000d5a00000)
  from space 512K, 62% used [0x00000000d5a80000,0x00000000d5ad0000,0x00000000d5b00000)
  to   space 512K, 0% used [0x00000000d5b00000,0x00000000d5b00000,0x00000000d5b80000)
 ParOldGen       total 415744K, used 415441K [0x0000000080000000, 0x0000000099600000, 0x00000000d5580000)
  object space 415744K, 99% used [0x0000000080000000,0x00000000995b4490,0x0000000099600000)
 Metaspace       used 65775K, committed 67200K, reserved 1114112K
  class space    used 7896K, committed 8512K, reserved 1048576K
}
Event: 35.683 GC heap before
{Heap before GC invocations=401 (full 3):
 PSYoungGen      total 5120K, used 4928K [0x00000000d5580000, 0x00000000d5b80000, 0x0000000100000000)
  eden space 4608K, 100% used [0x00000000d5580000,0x00000000d5a00000,0x00000000d5a00000)
  from space 512K, 62% used [0x00000000d5a80000,0x00000000d5ad0000,0x00000000d5b00000)
  to   space 512K, 0% used [0x00000000d5b00000,0x00000000d5b00000,0x00000000d5b80000)
 ParOldGen       total 415744K, used 415441K [0x0000000080000000, 0x0000000099600000, 0x00000000d5580000)
  object space 415744K, 99% used [0x0000000080000000,0x00000000995b4490,0x0000000099600000)
 Metaspace       used 66448K, committed 67776K, reserved 1114112K
  class space    used 7998K, committed 8576K, reserved 1048576K
}
Event: 35.685 GC heap after
{Heap after GC invocations=401 (full 3):
 PSYoungGen      total 5120K, used 320K [0x00000000d5580000, 0x00000000d5b80000, 0x0000000100000000)
  eden space 4608K, 0% used [0x00000000d5580000,0x00000000d5580000,0x00000000d5a00000)
  from space 512K, 62% used [0x00000000d5b00000,0x00000000d5b50000,0x00000000d5b80000)
  to   space 512K, 0% used [0x00000000d5a80000,0x00000000d5a80000,0x00000000d5b00000)
 ParOldGen       total 415744K, used 415553K [0x0000000080000000, 0x0000000099600000, 0x00000000d5580000)
  object space 415744K, 99% used [0x0000000080000000,0x00000000995d0490,0x0000000099600000)
 Metaspace       used 66448K, committed 67776K, reserved 1114112K
  class space    used 7998K, committed 8576K, reserved 1048576K
}
Event: 35.952 GC heap before
{Heap before GC invocations=402 (full 3):
 PSYoungGen      total 5120K, used 4928K [0x00000000d5580000, 0x00000000d5b80000, 0x0000000100000000)
  eden space 4608K, 100% used [0x00000000d5580000,0x00000000d5a00000,0x00000000d5a00000)
  from space 512K, 62% used [0x00000000d5b00000,0x00000000d5b50000,0x00000000d5b80000)
  to   space 512K, 0% used [0x00000000d5a80000,0x00000000d5a80000,0x00000000d5b00000)
 ParOldGen       total 415744K, used 415553K [0x0000000080000000, 0x0000000099600000, 0x00000000d5580000)
  object space 415744K, 99% used [0x0000000080000000,0x00000000995d0490,0x0000000099600000)
 Metaspace       used 66615K, committed 67968K, reserved 1114112K
  class space    used 8027K, committed 8576K, reserved 1048576K
}
Event: 35.957 GC heap after
{Heap after GC invocations=402 (full 3):
 PSYoungGen      total 5120K, used 288K [0x00000000d5580000, 0x00000000d5b80000, 0x0000000100000000)
  eden space 4608K, 0% used [0x00000000d5580000,0x00000000d5580000,0x00000000d5a00000)
  from space 512K, 56% used [0x00000000d5a80000,0x00000000d5ac8000,0x00000000d5b00000)
  to   space 512K, 0% used [0x00000000d5b00000,0x00000000d5b00000,0x00000000d5b80000)
 ParOldGen       total 415744K, used 415729K [0x0000000080000000, 0x0000000099600000, 0x00000000d5580000)
  object space 415744K, 99% used [0x0000000080000000,0x00000000995fc490,0x0000000099600000)
 Metaspace       used 66615K, committed 67968K, reserved 1114112K
  class space    used 8027K, committed 8576K, reserved 1048576K
}
Event: 38.793 GC heap before
{Heap before GC invocations=403 (full 3):
 PSYoungGen      total 5120K, used 4896K [0x00000000d5580000, 0x00000000d5b80000, 0x0000000100000000)
  eden space 4608K, 100% used [0x00000000d5580000,0x00000000d5a00000,0x00000000d5a00000)
  from space 512K, 56% used [0x00000000d5a80000,0x00000000d5ac8000,0x00000000d5b00000)
  to   space 512K, 0% used [0x00000000d5b00000,0x00000000d5b00000,0x00000000d5b80000)
 ParOldGen       total 415744K, used 415729K [0x0000000080000000, 0x0000000099600000, 0x00000000d5580000)
  object space 415744K, 99% used [0x0000000080000000,0x00000000995fc490,0x0000000099600000)
 Metaspace       used 67348K, committed 68736K, reserved 1114112K
  class space    used 8121K, committed 8704K, reserved 1048576K
}
Event: 38.794 GC heap after
{Heap after GC invocations=403 (full 3):
 PSYoungGen      total 5120K, used 512K [0x00000000d5580000, 0x00000000d5c00000, 0x0000000100000000)
  eden space 4608K, 0% used [0x00000000d5580000,0x00000000d5580000,0x00000000d5a00000)
  from space 512K, 100% used [0x00000000d5b00000,0x00000000d5b80000,0x00000000d5b80000)
  to   space 1024K, 0% used [0x00000000d5a00000,0x00000000d5a00000,0x00000000d5b00000)
 ParOldGen       total 416256K, used 415817K [0x0000000080000000, 0x0000000099680000, 0x00000000d5580000)
  object space 416256K, 99% used [0x0000000080000000,0x0000000099612490,0x0000000099680000)
 Metaspace       used 67348K, committed 68736K, reserved 1114112K
  class space    used 8121K, committed 8704K, reserved 1048576K
}

