# JRE version: OpenJDK Runtime Environment Temurin-21.0.6+7 (21.0.6+7) (build 21.0.6+7-LTS)
# Java VM: OpenJDK 64-Bit Server VM Temurin-21.0.6+7 (21.0.6+7-LTS, mixed mode, sharing, tiered, compressed oops, compressed class ptrs, parallel gc, windows-amd64)
GC Precious Log:
 CardTable entry size: 512
 CPUs: 12 total, 12 available
 Memory: 15790M
 Large Page Support: Disabled
 NUMA Support: Disabled
 Compressed Oops: Enabled (32-bit)
 Alignments: Space 512K, Generation 512K, Heap 2M
 Heap Min Capacity: 100M
 Heap Initial Capacity: 100M
 Heap Max Capacity: 1G
 Pre-touch: Disabled
 Parallel Workers: 10
Heap:
 PSYoungGen      total 12288K, used 10706K [0x00000000eab00000, 0x00000000eba80000, 0x0000000100000000)
  eden space 8704K, 86% used [0x00000000eab00000,0x00000000eb25f078,0x00000000eb380000)
  from space 3584K, 88% used [0x00000000eb700000,0x00000000eba158a8,0x00000000eba80000)
  to   space 3584K, 0% used [0x00000000eb380000,0x00000000eb380000,0x00000000eb700000)
 ParOldGen       total 271872K, used 270571K [0x00000000c0000000, 0x00000000d0980000, 0x00000000eab00000)
  object space 271872K, 99% used [0x00000000c0000000,0x00000000d083afa0,0x00000000d0980000)
 Metaspace       used 46212K, committed 47296K, reserved 1114112K
  class space    used 4860K, committed 5312K, reserved 1048576K
GC Heap History (20 events):
Event: 24.371 GC heap before
{Heap before GC invocations=276 (full 3):
 PSYoungGen      total 8192K, used 8187K [0x00000000eab00000, 0x00000000eba80000, 0x0000000100000000)
  eden space 5120K, 100% used [0x00000000eab00000,0x00000000eb000000,0x00000000eb000000)
  from space 3072K, 99% used [0x00000000eb480000,0x00000000eb77ece0,0x00000000eb780000)
  to   space 4608K, 0% used [0x00000000eb000000,0x00000000eb000000,0x00000000eb480000)
 ParOldGen       total 271872K, used 247503K [0x00000000c0000000, 0x00000000d0980000, 0x00000000eab00000)
  object space 271872K, 91% used [0x00000000c0000000,0x00000000cf1b3da0,0x00000000d0980000)
 Metaspace       used 46204K, committed 47296K, reserved 1114112K
  class space    used 4860K, committed 5312K, reserved 1048576K
}
Event: 24.372 GC heap after
{Heap after GC invocations=276 (full 3):
 PSYoungGen      total 9728K, used 2967K [0x00000000eab00000, 0x00000000eb800000, 0x0000000100000000)
  eden space 5120K, 0% used [0x00000000eab00000,0x00000000eab00000,0x00000000eb000000)
  from space 4608K, 64% used [0x00000000eb000000,0x00000000eb2e5ec0,0x00000000eb480000)
  to   space 3584K, 0% used [0x00000000eb480000,0x00000000eb480000,0x00000000eb800000)
 ParOldGen       total 271872K, used 249333K [0x00000000c0000000, 0x00000000d0980000, 0x00000000eab00000)
  object space 271872K, 91% used [0x00000000c0000000,0x00000000cf37d440,0x00000000d0980000)
 Metaspace       used 46204K, committed 47296K, reserved 1114112K
  class space    used 4860K, committed 5312K, reserved 1048576K
}
Event: 24.379 GC heap before
{Heap before GC invocations=277 (full 3):
 PSYoungGen      total 9728K, used 8075K [0x00000000eab00000, 0x00000000eb800000, 0x0000000100000000)
  eden space 5120K, 99% used [0x00000000eab00000,0x00000000eaffd030,0x00000000eb000000)
  from space 4608K, 64% used [0x00000000eb000000,0x00000000eb2e5ec0,0x00000000eb480000)
  to   space 3584K, 0% used [0x00000000eb480000,0x00000000eb480000,0x00000000eb800000)
 ParOldGen       total 271872K, used 249333K [0x00000000c0000000, 0x00000000d0980000, 0x00000000eab00000)
  object space 271872K, 91% used [0x00000000c0000000,0x00000000cf37d440,0x00000000d0980000)
 Metaspace       used 46204K, committed 47296K, reserved 1114112K
  class space    used 4860K, committed 5312K, reserved 1048576K
}
Event: 24.380 GC heap after
{Heap after GC invocations=277 (full 3):
 PSYoungGen      total 9728K, used 3205K [0x00000000eab00000, 0x00000000eb800000, 0x0000000100000000)
  eden space 6144K, 0% used [0x00000000eab00000,0x00000000eab00000,0x00000000eb100000)
  from space 3584K, 89% used [0x00000000eb480000,0x00000000eb7a1688,0x00000000eb800000)
  to   space 3584K, 0% used [0x00000000eb100000,0x00000000eb100000,0x00000000eb480000)
 ParOldGen       total 271872K, used 250472K [0x00000000c0000000, 0x00000000d0980000, 0x00000000eab00000)
  object space 271872K, 92% used [0x00000000c0000000,0x00000000cf49a238,0x00000000d0980000)
 Metaspace       used 46204K, committed 47296K, reserved 1114112K
  class space    used 4860K, committed 5312K, reserved 1048576K
}
Event: 24.387 GC heap before
{Heap before GC invocations=278 (full 3):
 PSYoungGen      total 9728K, used 9349K [0x00000000eab00000, 0x00000000eb800000, 0x0000000100000000)
  eden space 6144K, 100% used [0x00000000eab00000,0x00000000eb100000,0x00000000eb100000)
  from space 3584K, 89% used [0x00000000eb480000,0x00000000eb7a1688,0x00000000eb800000)
  to   space 3584K, 0% used [0x00000000eb100000,0x00000000eb100000,0x00000000eb480000)
 ParOldGen       total 271872K, used 250472K [0x00000000c0000000, 0x00000000d0980000, 0x00000000eab00000)
  object space 271872K, 92% used [0x00000000c0000000,0x00000000cf49a238,0x00000000d0980000)
 Metaspace       used 46204K, committed 47296K, reserved 1114112K
  class space    used 4860K, committed 5312K, reserved 1048576K
}
Event: 24.388 GC heap after
{Heap after GC invocations=278 (full 3):
 PSYoungGen      total 9728K, used 3449K [0x00000000eab00000, 0x00000000eb900000, 0x0000000100000000)
  eden space 6144K, 0% used [0x00000000eab00000,0x00000000eab00000,0x00000000eb100000)
  from space 3584K, 96% used [0x00000000eb100000,0x00000000eb45e548,0x00000000eb480000)
  to   space 3584K, 0% used [0x00000000eb580000,0x00000000eb580000,0x00000000eb900000)
 ParOldGen       total 271872K, used 251962K [0x00000000c0000000, 0x00000000d0980000, 0x00000000eab00000)
  object space 271872K, 92% used [0x00000000c0000000,0x00000000cf60e830,0x00000000d0980000)
 Metaspace       used 46204K, committed 47296K, reserved 1114112K
  class space    used 4860K, committed 5312K, reserved 1048576K
}
Event: 24.395 GC heap before
{Heap before GC invocations=279 (full 3):
 PSYoungGen      total 9728K, used 9593K [0x00000000eab00000, 0x00000000eb900000, 0x0000000100000000)
  eden space 6144K, 100% used [0x00000000eab00000,0x00000000eb100000,0x00000000eb100000)
  from space 3584K, 96% used [0x00000000eb100000,0x00000000eb45e548,0x00000000eb480000)
  to   space 3584K, 0% used [0x00000000eb580000,0x00000000eb580000,0x00000000eb900000)
 ParOldGen       total 271872K, used 251962K [0x00000000c0000000, 0x00000000d0980000, 0x00000000eab00000)
  object space 271872K, 92% used [0x00000000c0000000,0x00000000cf60e830,0x00000000d0980000)
 Metaspace       used 46204K, committed 47296K, reserved 1114112K
  class space    used 4860K, committed 5312K, reserved 1048576K
}
Event: 24.397 GC heap after
{Heap after GC invocations=279 (full 3):
 PSYoungGen      total 9728K, used 3578K [0x00000000eab00000, 0x00000000eb900000, 0x0000000100000000)
  eden space 6144K, 0% used [0x00000000eab00000,0x00000000eab00000,0x00000000eb100000)
  from space 3584K, 99% used [0x00000000eb580000,0x00000000eb8fea78,0x00000000eb900000)
  to   space 3584K, 0% used [0x00000000eb100000,0x00000000eb100000,0x00000000eb480000)
 ParOldGen       total 271872K, used 253873K [0x00000000c0000000, 0x00000000d0980000, 0x00000000eab00000)
  object space 271872K, 93% used [0x00000000c0000000,0x00000000cf7ec6d8,0x00000000d0980000)
 Metaspace       used 46204K, committed 47296K, reserved 1114112K
  class space    used 4860K, committed 5312K, reserved 1048576K
}
Event: 24.403 GC heap before
{Heap before GC invocations=280 (full 3):
 PSYoungGen      total 9728K, used 9665K [0x00000000eab00000, 0x00000000eb900000, 0x0000000100000000)
  eden space 6144K, 99% used [0x00000000eab00000,0x00000000eb0f1b98,0x00000000eb100000)
  from space 3584K, 99% used [0x00000000eb580000,0x00000000eb8fea78,0x00000000eb900000)
  to   space 3584K, 0% used [0x00000000eb100000,0x00000000eb100000,0x00000000eb480000)
 ParOldGen       total 271872K, used 253873K [0x00000000c0000000, 0x00000000d0980000, 0x00000000eab00000)
  object space 271872K, 93% used [0x00000000c0000000,0x00000000cf7ec6d8,0x00000000d0980000)
 Metaspace       used 46204K, committed 47296K, reserved 1114112K
  class space    used 4860K, committed 5312K, reserved 1048576K
}
Event: 24.405 GC heap after
{Heap after GC invocations=280 (full 3):
 PSYoungGen      total 9728K, used 2453K [0x00000000eab00000, 0x00000000eb900000, 0x0000000100000000)
  eden space 6144K, 0% used [0x00000000eab00000,0x00000000eab00000,0x00000000eb100000)
  from space 3584K, 68% used [0x00000000eb100000,0x00000000eb3656c0,0x00000000eb480000)
  to   space 3584K, 0% used [0x00000000eb580000,0x00000000eb580000,0x00000000eb900000)
 ParOldGen       total 271872K, used 257402K [0x00000000c0000000, 0x00000000d0980000, 0x00000000eab00000)
  object space 271872K, 94% used [0x00000000c0000000,0x00000000cfb5e8f0,0x00000000d0980000)
 Metaspace       used 46204K, committed 47296K, reserved 1114112K
  class space    used 4860K, committed 5312K, reserved 1048576K
}
Event: 24.411 GC heap before
{Heap before GC invocations=281 (full 3):
 PSYoungGen      total 9728K, used 8597K [0x00000000eab00000, 0x00000000eb900000, 0x0000000100000000)
  eden space 6144K, 100% used [0x00000000eab00000,0x00000000eb100000,0x00000000eb100000)
  from space 3584K, 68% used [0x00000000eb100000,0x00000000eb3656c0,0x00000000eb480000)
  to   space 3584K, 0% used [0x00000000eb580000,0x00000000eb580000,0x00000000eb900000)
 ParOldGen       total 271872K, used 257402K [0x00000000c0000000, 0x00000000d0980000, 0x00000000eab00000)
  object space 271872K, 94% used [0x00000000c0000000,0x00000000cfb5e8f0,0x00000000d0980000)
 Metaspace       used 46204K, committed 47296K, reserved 1114112K
  class space    used 4860K, committed 5312K, reserved 1048576K
}
Event: 24.412 GC heap after
{Heap after GC invocations=281 (full 3):
 PSYoungGen      total 9728K, used 2498K [0x00000000eab00000, 0x00000000eb800000, 0x0000000100000000)
  eden space 7168K, 0% used [0x00000000eab00000,0x00000000eab00000,0x00000000eb200000)
  from space 2560K, 97% used [0x00000000eb580000,0x00000000eb7f0910,0x00000000eb800000)
  to   space 3072K, 0% used [0x00000000eb200000,0x00000000eb200000,0x00000000eb500000)
 ParOldGen       total 271872K, used 259627K [0x00000000c0000000, 0x00000000d0980000, 0x00000000eab00000)
  object space 271872K, 95% used [0x00000000c0000000,0x00000000cfd8af38,0x00000000d0980000)
 Metaspace       used 46204K, committed 47296K, reserved 1114112K
  class space    used 4860K, committed 5312K, reserved 1048576K
}
Event: 24.418 GC heap before
{Heap before GC invocations=282 (full 3):
 PSYoungGen      total 9728K, used 9599K [0x00000000eab00000, 0x00000000eb800000, 0x0000000100000000)
  eden space 7168K, 99% used [0x00000000eab00000,0x00000000eb1ef6c8,0x00000000eb200000)
  from space 2560K, 97% used [0x00000000eb580000,0x00000000eb7f0910,0x00000000eb800000)
  to   space 3072K, 0% used [0x00000000eb200000,0x00000000eb200000,0x00000000eb500000)
 ParOldGen       total 271872K, used 259627K [0x00000000c0000000, 0x00000000d0980000, 0x00000000eab00000)
  object space 271872K, 95% used [0x00000000c0000000,0x00000000cfd8af38,0x00000000d0980000)
 Metaspace       used 46204K, committed 47296K, reserved 1114112K
  class space    used 4860K, committed 5312K, reserved 1048576K
}
Event: 24.420 GC heap after
{Heap after GC invocations=282 (full 3):
 PSYoungGen      total 10240K, used 2861K [0x00000000eab00000, 0x00000000eb900000, 0x0000000100000000)
  eden space 7168K, 0% used [0x00000000eab00000,0x00000000eab00000,0x00000000eb200000)
  from space 3072K, 93% used [0x00000000eb200000,0x00000000eb4cb590,0x00000000eb500000)
  to   space 3072K, 0% used [0x00000000eb600000,0x00000000eb600000,0x00000000eb900000)
 ParOldGen       total 271872K, used 261895K [0x00000000c0000000, 0x00000000d0980000, 0x00000000eab00000)
  object space 271872K, 96% used [0x00000000c0000000,0x00000000cffc1ef0,0x00000000d0980000)
 Metaspace       used 46204K, committed 47296K, reserved 1114112K
  class space    used 4860K, committed 5312K, reserved 1048576K
}
Event: 24.427 GC heap before
{Heap before GC invocations=283 (full 3):
 PSYoungGen      total 10240K, used 10029K [0x00000000eab00000, 0x00000000eb900000, 0x0000000100000000)
  eden space 7168K, 100% used [0x00000000eab00000,0x00000000eb200000,0x00000000eb200000)
  from space 3072K, 93% used [0x00000000eb200000,0x00000000eb4cb590,0x00000000eb500000)
  to   space 3072K, 0% used [0x00000000eb600000,0x00000000eb600000,0x00000000eb900000)
 ParOldGen       total 271872K, used 261895K [0x00000000c0000000, 0x00000000d0980000, 0x00000000eab00000)
  object space 271872K, 96% used [0x00000000c0000000,0x00000000cffc1ef0,0x00000000d0980000)
 Metaspace       used 46204K, committed 47296K, reserved 1114112K
  class space    used 4860K, committed 5312K, reserved 1048576K
}
Event: 24.429 GC heap after
{Heap after GC invocations=283 (full 3):
 PSYoungGen      total 10752K, used 3043K [0x00000000eab00000, 0x00000000eba00000, 0x0000000100000000)
  eden space 7680K, 0% used [0x00000000eab00000,0x00000000eab00000,0x00000000eb280000)
  from space 3072K, 99% used [0x00000000eb600000,0x00000000eb8f8dc8,0x00000000eb900000)
  to   space 3584K, 0% used [0x00000000eb280000,0x00000000eb280000,0x00000000eb600000)
 ParOldGen       total 271872K, used 264650K [0x00000000c0000000, 0x00000000d0980000, 0x00000000eab00000)
  object space 271872K, 97% used [0x00000000c0000000,0x00000000d0272ad0,0x00000000d0980000)
 Metaspace       used 46204K, committed 47296K, reserved 1114112K
  class space    used 4860K, committed 5312K, reserved 1048576K
}
Event: 24.437 GC heap before
{Heap before GC invocations=284 (full 3):
 PSYoungGen      total 10752K, used 10723K [0x00000000eab00000, 0x00000000eba00000, 0x0000000100000000)
  eden space 7680K, 100% used [0x00000000eab00000,0x00000000eb280000,0x00000000eb280000)
  from space 3072K, 99% used [0x00000000eb600000,0x00000000eb8f8dc8,0x00000000eb900000)
  to   space 3584K, 0% used [0x00000000eb280000,0x00000000eb280000,0x00000000eb600000)
 ParOldGen       total 271872K, used 264650K [0x00000000c0000000, 0x00000000d0980000, 0x00000000eab00000)
  object space 271872K, 97% used [0x00000000c0000000,0x00000000d0272ad0,0x00000000d0980000)
 Metaspace       used 46204K, committed 47296K, reserved 1114112K
  class space    used 4860K, committed 5312K, reserved 1048576K
}
Event: 24.439 GC heap after
{Heap after GC invocations=284 (full 3):
 PSYoungGen      total 11264K, used 3321K [0x00000000eab00000, 0x00000000eba80000, 0x0000000100000000)
  eden space 7680K, 0% used [0x00000000eab00000,0x00000000eab00000,0x00000000eb280000)
  from space 3584K, 92% used [0x00000000eb280000,0x00000000eb5be730,0x00000000eb600000)
  to   space 3584K, 0% used [0x00000000eb700000,0x00000000eb700000,0x00000000eba80000)
 ParOldGen       total 271872K, used 267423K [0x00000000c0000000, 0x00000000d0980000, 0x00000000eab00000)
  object space 271872K, 98% used [0x00000000c0000000,0x00000000d0527c40,0x00000000d0980000)
 Metaspace       used 46204K, committed 47296K, reserved 1114112K
  class space    used 4860K, committed 5312K, reserved 1048576K
}
Event: 24.446 GC heap before
{Heap before GC invocations=285 (full 3):
 PSYoungGen      total 11264K, used 11001K [0x00000000eab00000, 0x00000000eba80000, 0x0000000100000000)
  eden space 7680K, 100% used [0x00000000eab00000,0x00000000eb280000,0x00000000eb280000)
  from space 3584K, 92% used [0x00000000eb280000,0x00000000eb5be730,0x00000000eb600000)
  to   space 3584K, 0% used [0x00000000eb700000,0x00000000eb700000,0x00000000eba80000)
 ParOldGen       total 271872K, used 267423K [0x00000000c0000000, 0x00000000d0980000, 0x00000000eab00000)
  object space 271872K, 98% used [0x00000000c0000000,0x00000000d0527c40,0x00000000d0980000)
 Metaspace       used 46204K, committed 47296K, reserved 1114112K
  class space    used 4860K, committed 5312K, reserved 1048576K
}
Event: 24.447 GC heap after
{Heap after GC invocations=285 (full 3):
 PSYoungGen      total 12288K, used 3158K [0x00000000eab00000, 0x00000000eba80000, 0x0000000100000000)
  eden space 8704K, 0% used [0x00000000eab00000,0x00000000eab00000,0x00000000eb380000)
  from space 3584K, 88% used [0x00000000eb700000,0x00000000eba158a8,0x00000000eba80000)
  to   space 3584K, 0% used [0x00000000eb380000,0x00000000eb380000,0x00000000eb700000)
 ParOldGen       total 271872K, used 270571K [0x00000000c0000000, 0x00000000d0980000, 0x00000000eab00000)
  object space 271872K, 99% used [0x00000000c0000000,0x00000000d083afa0,0x00000000d0980000)
 Metaspace       used 46204K, committed 47296K, reserved 1114112K
  class space    used 4860K, committed 5312K, reserved 1048576K
}

