# JRE version: OpenJDK Runtime Environment Temurin-21.0.7+6 (21.0.7+6) (build 21.0.7+6-LTS)
# Java VM: OpenJDK 64-Bit Server VM Temurin-21.0.7+6 (21.0.7+6-LTS, mixed mode, sharing, tiered, compressed oops, compressed class ptrs, parallel gc, windows-amd64)
GC Precious Log:
 CardTable entry size: 512
 CPUs: 12 total, 12 available
 Memory: 15790M
 Large Page Support: Disabled
 NUMA Support: Disabled
 Compressed Oops: Enabled (32-bit)
 Alignments: Space 512K, Generation 512K, Heap 2M
 Heap Min Capacity: 100M
 Heap Initial Capacity: 100M
 Heap Max Capacity: 2G
 Pre-touch: Disabled
 Parallel Workers: 10
Heap:
 PSYoungGen      total 13312K, used 6350K [0x00000000d5580000, 0x00000000d6600000, 0x0000000100000000)
  eden space 12800K, 45% used [0x00000000d5580000,0x00000000d5b33bc8,0x00000000d6200000)
  from space 512K, 99% used [0x00000000d6580000,0x00000000d65ffd50,0x00000000d6600000)
  to   space 2048K, 0% used [0x00000000d6200000,0x00000000d6200000,0x00000000d6400000)
 ParOldGen       total 92672K, used 92354K [0x0000000080000000, 0x0000000085a80000, 0x00000000d5580000)
  object space 92672K, 99% used [0x0000000080000000,0x0000000085a30b48,0x0000000085a80000)
 Metaspace       used 48491K, committed 49728K, reserved 1114112K
  class space    used 4586K, committed 5120K, reserved 1048576K
GC Heap History (20 events):
Event: 26.952 GC heap before
{Heap before GC invocations=49 (full 2):
 PSYoungGen      total 19968K, used 19952K [0x00000000d5580000, 0x00000000d6e80000, 0x0000000100000000)
  eden space 18432K, 100% used [0x00000000d5580000,0x00000000d6780000,0x00000000d6780000)
  from space 1536K, 98% used [0x00000000d6a80000,0x00000000d6bfc030,0x00000000d6c00000)
  to   space 3072K, 0% used [0x00000000d6780000,0x00000000d6780000,0x00000000d6a80000)
 ParOldGen       total 75776K, used 75346K [0x0000000080000000, 0x0000000084a00000, 0x00000000d5580000)
  object space 75776K, 99% used [0x0000000080000000,0x00000000849948e8,0x0000000084a00000)
 Metaspace       used 47852K, committed 49088K, reserved 1114112K
  class space    used 4543K, committed 5056K, reserved 1048576K
}
Event: 26.958 GC heap after
{Heap after GC invocations=49 (full 2):
 PSYoungGen      total 20992K, used 2430K [0x00000000d5580000, 0x00000000d6c80000, 0x0000000100000000)
  eden space 18432K, 0% used [0x00000000d5580000,0x00000000d5580000,0x00000000d6780000)
  from space 2560K, 94% used [0x00000000d6780000,0x00000000d69dfa90,0x00000000d6a00000)
  to   space 2560K, 0% used [0x00000000d6a00000,0x00000000d6a00000,0x00000000d6c80000)
 ParOldGen       total 76800K, used 76786K [0x0000000080000000, 0x0000000084b00000, 0x00000000d5580000)
  object space 76800K, 99% used [0x0000000080000000,0x0000000084afc938,0x0000000084b00000)
 Metaspace       used 47852K, committed 49088K, reserved 1114112K
  class space    used 4543K, committed 5056K, reserved 1048576K
}
Event: 27.501 GC heap before
{Heap before GC invocations=50 (full 2):
 PSYoungGen      total 20992K, used 20862K [0x00000000d5580000, 0x00000000d6c80000, 0x0000000100000000)
  eden space 18432K, 100% used [0x00000000d5580000,0x00000000d6780000,0x00000000d6780000)
  from space 2560K, 94% used [0x00000000d6780000,0x00000000d69dfa90,0x00000000d6a00000)
  to   space 2560K, 0% used [0x00000000d6a00000,0x00000000d6a00000,0x00000000d6c80000)
 ParOldGen       total 76800K, used 76786K [0x0000000080000000, 0x0000000084b00000, 0x00000000d5580000)
  object space 76800K, 99% used [0x0000000080000000,0x0000000084afc938,0x0000000084b00000)
 Metaspace       used 48136K, committed 49280K, reserved 1114112K
  class space    used 4565K, committed 5056K, reserved 1048576K
}
Event: 27.507 GC heap after
{Heap after GC invocations=50 (full 2):
 PSYoungGen      total 15360K, used 2529K [0x00000000d5580000, 0x00000000d7780000, 0x0000000100000000)
  eden space 12800K, 0% used [0x00000000d5580000,0x00000000d5580000,0x00000000d6200000)
  from space 2560K, 98% used [0x00000000d6a00000,0x00000000d6c785b0,0x00000000d6c80000)
  to   space 8192K, 0% used [0x00000000d6200000,0x00000000d6200000,0x00000000d6a00000)
 ParOldGen       total 81408K, used 81301K [0x0000000080000000, 0x0000000084f80000, 0x00000000d5580000)
  object space 81408K, 99% used [0x0000000080000000,0x0000000084f657f0,0x0000000084f80000)
 Metaspace       used 48136K, committed 49280K, reserved 1114112K
  class space    used 4565K, committed 5056K, reserved 1048576K
}
Event: 28.084 GC heap before
{Heap before GC invocations=51 (full 2):
 PSYoungGen      total 15360K, used 15329K [0x00000000d5580000, 0x00000000d7780000, 0x0000000100000000)
  eden space 12800K, 100% used [0x00000000d5580000,0x00000000d6200000,0x00000000d6200000)
  from space 2560K, 98% used [0x00000000d6a00000,0x00000000d6c785b0,0x00000000d6c80000)
  to   space 8192K, 0% used [0x00000000d6200000,0x00000000d6200000,0x00000000d6a00000)
 ParOldGen       total 81408K, used 81301K [0x0000000080000000, 0x0000000084f80000, 0x00000000d5580000)
  object space 81408K, 99% used [0x0000000080000000,0x0000000084f657f0,0x0000000084f80000)
 Metaspace       used 48199K, committed 49344K, reserved 1114112K
  class space    used 4565K, committed 5056K, reserved 1048576K
}
Event: 28.090 GC heap after
{Heap after GC invocations=51 (full 2):
 PSYoungGen      total 16384K, used 3576K [0x00000000d5580000, 0x00000000d6c00000, 0x0000000100000000)
  eden space 12800K, 0% used [0x00000000d5580000,0x00000000d5580000,0x00000000d6200000)
  from space 3584K, 99% used [0x00000000d6200000,0x00000000d657e1c8,0x00000000d6580000)
  to   space 5120K, 0% used [0x00000000d6700000,0x00000000d6700000,0x00000000d6c00000)
 ParOldGen       total 83968K, used 83616K [0x0000000080000000, 0x0000000085200000, 0x00000000d5580000)
  object space 83968K, 99% used [0x0000000080000000,0x00000000851a8138,0x0000000085200000)
 Metaspace       used 48199K, committed 49344K, reserved 1114112K
  class space    used 4565K, committed 5056K, reserved 1048576K
}
Event: 28.649 GC heap before
{Heap before GC invocations=52 (full 2):
 PSYoungGen      total 16384K, used 16376K [0x00000000d5580000, 0x00000000d6c00000, 0x0000000100000000)
  eden space 12800K, 100% used [0x00000000d5580000,0x00000000d6200000,0x00000000d6200000)
  from space 3584K, 99% used [0x00000000d6200000,0x00000000d657e1c8,0x00000000d6580000)
  to   space 5120K, 0% used [0x00000000d6700000,0x00000000d6700000,0x00000000d6c00000)
 ParOldGen       total 83968K, used 83616K [0x0000000080000000, 0x0000000085200000, 0x00000000d5580000)
  object space 83968K, 99% used [0x0000000080000000,0x00000000851a8138,0x0000000085200000)
 Metaspace       used 48232K, committed 49408K, reserved 1114112K
  class space    used 4565K, committed 5056K, reserved 1048576K
}
Event: 28.654 GC heap after
{Heap after GC invocations=52 (full 2):
 PSYoungGen      total 16384K, used 3508K [0x00000000d5580000, 0x00000000d6a80000, 0x0000000100000000)
  eden space 12800K, 0% used [0x00000000d5580000,0x00000000d5580000,0x00000000d6200000)
  from space 3584K, 97% used [0x00000000d6700000,0x00000000d6a6d2a8,0x00000000d6a80000)
  to   space 4096K, 0% used [0x00000000d6280000,0x00000000d6280000,0x00000000d6680000)
 ParOldGen       total 87040K, used 86967K [0x0000000080000000, 0x0000000085500000, 0x00000000d5580000)
  object space 87040K, 99% used [0x0000000080000000,0x00000000854edf70,0x0000000085500000)
 Metaspace       used 48232K, committed 49408K, reserved 1114112K
  class space    used 4565K, committed 5056K, reserved 1048576K
}
Event: 30.092 GC heap before
{Heap before GC invocations=53 (full 2):
 PSYoungGen      total 16384K, used 16308K [0x00000000d5580000, 0x00000000d6a80000, 0x0000000100000000)
  eden space 12800K, 100% used [0x00000000d5580000,0x00000000d6200000,0x00000000d6200000)
  from space 3584K, 97% used [0x00000000d6700000,0x00000000d6a6d2a8,0x00000000d6a80000)
  to   space 4096K, 0% used [0x00000000d6280000,0x00000000d6280000,0x00000000d6680000)
 ParOldGen       total 87040K, used 86967K [0x0000000080000000, 0x0000000085500000, 0x00000000d5580000)
  object space 87040K, 99% used [0x0000000080000000,0x00000000854edf70,0x0000000085500000)
 Metaspace       used 48255K, committed 49408K, reserved 1114112K
  class space    used 4565K, committed 5056K, reserved 1048576K
}
Event: 30.096 GC heap after
{Heap after GC invocations=53 (full 2):
 PSYoungGen      total 13824K, used 864K [0x00000000d5580000, 0x00000000d6780000, 0x0000000100000000)
  eden space 12800K, 0% used [0x00000000d5580000,0x00000000d5580000,0x00000000d6200000)
  from space 1024K, 84% used [0x00000000d6280000,0x00000000d6358000,0x00000000d6380000)
  to   space 2048K, 0% used [0x00000000d6580000,0x00000000d6580000,0x00000000d6780000)
 ParOldGen       total 90624K, used 90266K [0x0000000080000000, 0x0000000085880000, 0x00000000d5580000)
  object space 90624K, 99% used [0x0000000080000000,0x0000000085826950,0x0000000085880000)
 Metaspace       used 48255K, committed 49408K, reserved 1114112K
  class space    used 4565K, committed 5056K, reserved 1048576K
}
Event: 37.771 GC heap before
{Heap before GC invocations=54 (full 2):
 PSYoungGen      total 13824K, used 13664K [0x00000000d5580000, 0x00000000d6780000, 0x0000000100000000)
  eden space 12800K, 100% used [0x00000000d5580000,0x00000000d6200000,0x00000000d6200000)
  from space 1024K, 84% used [0x00000000d6280000,0x00000000d6358000,0x00000000d6380000)
  to   space 2048K, 0% used [0x00000000d6580000,0x00000000d6580000,0x00000000d6780000)
 ParOldGen       total 90624K, used 90266K [0x0000000080000000, 0x0000000085880000, 0x00000000d5580000)
  object space 90624K, 99% used [0x0000000080000000,0x0000000085826950,0x0000000085880000)
 Metaspace       used 48260K, committed 49408K, reserved 1114112K
  class space    used 4565K, committed 5056K, reserved 1048576K
}
Event: 37.773 GC heap after
{Heap after GC invocations=54 (full 2):
 PSYoungGen      total 13312K, used 224K [0x00000000d5580000, 0x00000000d6600000, 0x0000000100000000)
  eden space 12800K, 0% used [0x00000000d5580000,0x00000000d5580000,0x00000000d6200000)
  from space 512K, 43% used [0x00000000d6580000,0x00000000d65b8000,0x00000000d6600000)
  to   space 1024K, 0% used [0x00000000d6400000,0x00000000d6400000,0x00000000d6500000)
 ParOldGen       total 91136K, used 91017K [0x0000000080000000, 0x0000000085900000, 0x00000000d5580000)
  object space 91136K, 99% used [0x0000000080000000,0x00000000858e25c8,0x0000000085900000)
 Metaspace       used 48260K, committed 49408K, reserved 1114112K
  class space    used 4565K, committed 5056K, reserved 1048576K
}
Event: 39.470 GC heap before
{Heap before GC invocations=55 (full 2):
 PSYoungGen      total 13312K, used 13023K [0x00000000d5580000, 0x00000000d6600000, 0x0000000100000000)
  eden space 12800K, 99% used [0x00000000d5580000,0x00000000d61ffcf8,0x00000000d6200000)
  from space 512K, 43% used [0x00000000d6580000,0x00000000d65b8000,0x00000000d6600000)
  to   space 1024K, 0% used [0x00000000d6400000,0x00000000d6400000,0x00000000d6500000)
 ParOldGen       total 91136K, used 91017K [0x0000000080000000, 0x0000000085900000, 0x00000000d5580000)
  object space 91136K, 99% used [0x0000000080000000,0x00000000858e25c8,0x0000000085900000)
 Metaspace       used 48453K, committed 49664K, reserved 1114112K
  class space    used 4585K, committed 5120K, reserved 1048576K
}
Event: 39.470 GC heap after
{Heap after GC invocations=55 (full 2):
 PSYoungGen      total 13824K, used 335K [0x00000000d5580000, 0x00000000d6600000, 0x0000000100000000)
  eden space 12800K, 0% used [0x00000000d5580000,0x00000000d5580000,0x00000000d6200000)
  from space 1024K, 32% used [0x00000000d6400000,0x00000000d6453d48,0x00000000d6500000)
  to   space 512K, 0% used [0x00000000d6580000,0x00000000d6580000,0x00000000d6600000)
 ParOldGen       total 91136K, used 91041K [0x0000000080000000, 0x0000000085900000, 0x00000000d5580000)
  object space 91136K, 99% used [0x0000000080000000,0x00000000858e85c8,0x0000000085900000)
 Metaspace       used 48453K, committed 49664K, reserved 1114112K
  class space    used 4585K, committed 5120K, reserved 1048576K
}
Event: 39.857 GC heap before
{Heap before GC invocations=56 (full 2):
 PSYoungGen      total 13824K, used 13135K [0x00000000d5580000, 0x00000000d6600000, 0x0000000100000000)
  eden space 12800K, 100% used [0x00000000d5580000,0x00000000d6200000,0x00000000d6200000)
  from space 1024K, 32% used [0x00000000d6400000,0x00000000d6453d48,0x00000000d6500000)
  to   space 512K, 0% used [0x00000000d6580000,0x00000000d6580000,0x00000000d6600000)
 ParOldGen       total 91136K, used 91041K [0x0000000080000000, 0x0000000085900000, 0x00000000d5580000)
  object space 91136K, 99% used [0x0000000080000000,0x00000000858e85c8,0x0000000085900000)
 Metaspace       used 48459K, committed 49664K, reserved 1114112K
  class space    used 4585K, committed 5120K, reserved 1048576K
}
Event: 39.857 GC heap after
{Heap after GC invocations=56 (full 2):
 PSYoungGen      total 13312K, used 335K [0x00000000d5580000, 0x00000000d6600000, 0x0000000100000000)
  eden space 12800K, 0% used [0x00000000d5580000,0x00000000d5580000,0x00000000d6200000)
  from space 512K, 65% used [0x00000000d6580000,0x00000000d65d3d40,0x00000000d6600000)
  to   space 512K, 0% used [0x00000000d6500000,0x00000000d6500000,0x00000000d6580000)
 ParOldGen       total 91136K, used 91113K [0x0000000080000000, 0x0000000085900000, 0x00000000d5580000)
  object space 91136K, 99% used [0x0000000080000000,0x00000000858fa5c8,0x0000000085900000)
 Metaspace       used 48459K, committed 49664K, reserved 1114112K
  class space    used 4585K, committed 5120K, reserved 1048576K
}
Event: 39.894 GC heap before
{Heap before GC invocations=57 (full 2):
 PSYoungGen      total 13312K, used 13096K [0x00000000d5580000, 0x00000000d6600000, 0x0000000100000000)
  eden space 12800K, 99% used [0x00000000d5580000,0x00000000d61f6630,0x00000000d6200000)
  from space 512K, 65% used [0x00000000d6580000,0x00000000d65d3d40,0x00000000d6600000)
  to   space 512K, 0% used [0x00000000d6500000,0x00000000d6500000,0x00000000d6580000)
 ParOldGen       total 91136K, used 91113K [0x0000000080000000, 0x0000000085900000, 0x00000000d5580000)
  object space 91136K, 99% used [0x0000000080000000,0x00000000858fa5c8,0x0000000085900000)
 Metaspace       used 48463K, committed 49664K, reserved 1114112K
  class space    used 4585K, committed 5120K, reserved 1048576K
}
Event: 39.895 GC heap after
{Heap after GC invocations=57 (full 2):
 PSYoungGen      total 13312K, used 160K [0x00000000d5580000, 0x00000000d6600000, 0x0000000100000000)
  eden space 12800K, 0% used [0x00000000d5580000,0x00000000d5580000,0x00000000d6200000)
  from space 512K, 31% used [0x00000000d6500000,0x00000000d6528000,0x00000000d6580000)
  to   space 512K, 0% used [0x00000000d6580000,0x00000000d6580000,0x00000000d6600000)
 ParOldGen       total 91648K, used 91193K [0x0000000080000000, 0x0000000085980000, 0x00000000d5580000)
  object space 91648K, 99% used [0x0000000080000000,0x000000008590e5c8,0x0000000085980000)
 Metaspace       used 48463K, committed 49664K, reserved 1114112K
  class space    used 4585K, committed 5120K, reserved 1048576K
}
Event: 40.211 GC heap before
{Heap before GC invocations=58 (full 2):
 PSYoungGen      total 13312K, used 12960K [0x00000000d5580000, 0x00000000d6600000, 0x0000000100000000)
  eden space 12800K, 100% used [0x00000000d5580000,0x00000000d6200000,0x00000000d6200000)
  from space 512K, 31% used [0x00000000d6500000,0x00000000d6528000,0x00000000d6580000)
  to   space 512K, 0% used [0x00000000d6580000,0x00000000d6580000,0x00000000d6600000)
 ParOldGen       total 91648K, used 91193K [0x0000000080000000, 0x0000000085980000, 0x00000000d5580000)
  object space 91648K, 99% used [0x0000000080000000,0x000000008590e5c8,0x0000000085980000)
 Metaspace       used 48472K, committed 49664K, reserved 1114112K
  class space    used 4585K, committed 5120K, reserved 1048576K
}
Event: 40.215 GC heap after
{Heap after GC invocations=58 (full 2):
 PSYoungGen      total 13312K, used 511K [0x00000000d5580000, 0x00000000d6600000, 0x0000000100000000)
  eden space 12800K, 0% used [0x00000000d5580000,0x00000000d5580000,0x00000000d6200000)
  from space 512K, 99% used [0x00000000d6580000,0x00000000d65ffd50,0x00000000d6600000)
  to   space 2048K, 0% used [0x00000000d6200000,0x00000000d6200000,0x00000000d6400000)
 ParOldGen       total 92672K, used 92354K [0x0000000080000000, 0x0000000085a80000, 0x00000000d5580000)
  object space 92672K, 99% used [0x0000000080000000,0x0000000085a30b48,0x0000000085a80000)
 Metaspace       used 48472K, committed 49664K, reserved 1114112K
  class space    used 4585K, committed 5120K, reserved 1048576K
}

