# JRE version: OpenJDK Runtime Environment Temurin-21.0.7+6 (21.0.7+6) (build 21.0.7+6-LTS)
# Java VM: OpenJDK 64-Bit Server VM Temurin-21.0.7+6 (21.0.7+6-LTS, mixed mode, sharing, tiered, compressed oops, compressed class ptrs, parallel gc, windows-amd64)
GC Precious Log:
 CardTable entry size: 512
 CPUs: 12 total, 12 available
 Memory: 15790M
 Large Page Support: Disabled
 NUMA Support: Disabled
 Compressed Oops: Enabled (32-bit)
 Alignments: Space 512K, Generation 512K, Heap 2M
 Heap Min Capacity: 100M
 Heap Initial Capacity: 100M
 Heap Max Capacity: 2G
 Pre-touch: Disabled
 Parallel Workers: 10
Heap:
 PSYoungGen      total 20480K, used 7440K [0x00000000d5580000, 0x00000000d6d80000, 0x0000000100000000)
  eden space 16384K, 23% used [0x00000000d5580000,0x00000000d5942cb0,0x00000000d6580000)
  from space 4096K, 87% used [0x00000000d6800000,0x00000000d6b816f8,0x00000000d6c00000)
  to   space 1536K, 0% used [0x00000000d6c00000,0x00000000d6c00000,0x00000000d6d80000)
 ParOldGen       total 166912K, used 114246K [0x0000000080000000, 0x000000008a300000, 0x00000000d5580000)
  object space 166912K, 68% used [0x0000000080000000,0x0000000086f91ae8,0x000000008a300000)
 Metaspace       used 74382K, committed 75712K, reserved 1179648K
  class space    used 8783K, committed 9344K, reserved 1048576K
GC Heap History (20 events):
Event: 35.766 GC heap before
{Heap before GC invocations=112 (full 7):
 PSYoungGen      total 12800K, used 12800K [0x00000000d5580000, 0x00000000d7580000, 0x0000000100000000)
  eden space 12288K, 100% used [0x00000000d5580000,0x00000000d6180000,0x00000000d6180000)
  from space 512K, 100% used [0x00000000d6180000,0x00000000d6200000,0x00000000d6200000)
  to   space 9728K, 0% used [0x00000000d6c00000,0x00000000d6c00000,0x00000000d7580000)
 ParOldGen       total 166912K, used 82532K [0x0000000080000000, 0x000000008a300000, 0x00000000d5580000)
  object space 166912K, 49% used [0x0000000080000000,0x0000000085099178,0x000000008a300000)
 Metaspace       used 71326K, committed 73280K, reserved 1114112K
  class space    used 8483K, committed 9216K, reserved 1048576K
}
Event: 35.771 GC heap after
{Heap after GC invocations=112 (full 7):
 PSYoungGen      total 22016K, used 9632K [0x00000000d5580000, 0x00000000d7780000, 0x0000000100000000)
  eden space 12288K, 0% used [0x00000000d5580000,0x00000000d5580000,0x00000000d6180000)
  from space 9728K, 99% used [0x00000000d6c00000,0x00000000d7568000,0x00000000d7580000)
  to   space 10752K, 0% used [0x00000000d6180000,0x00000000d6180000,0x00000000d6c00000)
 ParOldGen       total 166912K, used 82532K [0x0000000080000000, 0x000000008a300000, 0x00000000d5580000)
  object space 166912K, 49% used [0x0000000080000000,0x0000000085099178,0x000000008a300000)
 Metaspace       used 71326K, committed 73280K, reserved 1114112K
  class space    used 8483K, committed 9216K, reserved 1048576K
}
Event: 35.792 GC heap before
{Heap before GC invocations=113 (full 7):
 PSYoungGen      total 22016K, used 21920K [0x00000000d5580000, 0x00000000d7780000, 0x0000000100000000)
  eden space 12288K, 100% used [0x00000000d5580000,0x00000000d6180000,0x00000000d6180000)
  from space 9728K, 99% used [0x00000000d6c00000,0x00000000d7568000,0x00000000d7580000)
  to   space 10752K, 0% used [0x00000000d6180000,0x00000000d6180000,0x00000000d6c00000)
 ParOldGen       total 166912K, used 82532K [0x0000000080000000, 0x000000008a300000, 0x00000000d5580000)
  object space 166912K, 49% used [0x0000000080000000,0x0000000085099178,0x000000008a300000)
 Metaspace       used 71326K, committed 73280K, reserved 1114112K
  class space    used 8483K, committed 9216K, reserved 1048576K
}
Event: 35.801 GC heap after
{Heap after GC invocations=113 (full 7):
 PSYoungGen      total 23040K, used 10752K [0x00000000d5580000, 0x00000000d8980000, 0x0000000100000000)
  eden space 12288K, 0% used [0x00000000d5580000,0x00000000d5580000,0x00000000d6180000)
  from space 10752K, 100% used [0x00000000d6180000,0x00000000d6c00000,0x00000000d6c00000)
  to   space 19968K, 0% used [0x00000000d7600000,0x00000000d7600000,0x00000000d8980000)
 ParOldGen       total 166912K, used 89884K [0x0000000080000000, 0x000000008a300000, 0x00000000d5580000)
  object space 166912K, 53% used [0x0000000080000000,0x00000000857c7178,0x000000008a300000)
 Metaspace       used 71326K, committed 73280K, reserved 1114112K
  class space    used 8483K, committed 9216K, reserved 1048576K
}
Event: 35.820 GC heap before
{Heap before GC invocations=114 (full 7):
 PSYoungGen      total 23040K, used 23040K [0x00000000d5580000, 0x00000000d8980000, 0x0000000100000000)
  eden space 12288K, 100% used [0x00000000d5580000,0x00000000d6180000,0x00000000d6180000)
  from space 10752K, 100% used [0x00000000d6180000,0x00000000d6c00000,0x00000000d6c00000)
  to   space 19968K, 0% used [0x00000000d7600000,0x00000000d7600000,0x00000000d8980000)
 ParOldGen       total 166912K, used 89884K [0x0000000080000000, 0x000000008a300000, 0x00000000d5580000)
  object space 166912K, 53% used [0x0000000080000000,0x00000000857c7178,0x000000008a300000)
 Metaspace       used 71326K, committed 73280K, reserved 1114112K
  class space    used 8483K, committed 9216K, reserved 1048576K
}
Event: 35.828 GC heap after
{Heap after GC invocations=114 (full 7):
 PSYoungGen      total 33280K, used 19008K [0x00000000d5580000, 0x00000000d8980000, 0x0000000100000000)
  eden space 13312K, 0% used [0x00000000d5580000,0x00000000d5580000,0x00000000d6280000)
  from space 19968K, 95% used [0x00000000d7600000,0x00000000d8890000,0x00000000d8980000)
  to   space 19968K, 0% used [0x00000000d6280000,0x00000000d6280000,0x00000000d7600000)
 ParOldGen       total 166912K, used 90324K [0x0000000080000000, 0x000000008a300000, 0x00000000d5580000)
  object space 166912K, 54% used [0x0000000080000000,0x0000000085835178,0x000000008a300000)
 Metaspace       used 71326K, committed 73280K, reserved 1114112K
  class space    used 8483K, committed 9216K, reserved 1048576K
}
Event: 35.982 GC heap before
{Heap before GC invocations=115 (full 7):
 PSYoungGen      total 33280K, used 32320K [0x00000000d5580000, 0x00000000d8980000, 0x0000000100000000)
  eden space 13312K, 100% used [0x00000000d5580000,0x00000000d6280000,0x00000000d6280000)
  from space 19968K, 95% used [0x00000000d7600000,0x00000000d8890000,0x00000000d8980000)
  to   space 19968K, 0% used [0x00000000d6280000,0x00000000d6280000,0x00000000d7600000)
 ParOldGen       total 166912K, used 90324K [0x0000000080000000, 0x000000008a300000, 0x00000000d5580000)
  object space 166912K, 54% used [0x0000000080000000,0x0000000085835178,0x000000008a300000)
 Metaspace       used 71328K, committed 73280K, reserved 1114112K
  class space    used 8484K, committed 9216K, reserved 1048576K
}
Event: 35.990 GC heap after
{Heap after GC invocations=115 (full 7):
 PSYoungGen      total 33280K, used 19968K [0x00000000d5580000, 0x00000000d9380000, 0x0000000100000000)
  eden space 13312K, 0% used [0x00000000d5580000,0x00000000d5580000,0x00000000d6280000)
  from space 19968K, 100% used [0x00000000d6280000,0x00000000d7600000,0x00000000d7600000)
  to   space 24576K, 0% used [0x00000000d7b80000,0x00000000d7b80000,0x00000000d9380000)
 ParOldGen       total 166912K, used 93628K [0x0000000080000000, 0x000000008a300000, 0x00000000d5580000)
  object space 166912K, 56% used [0x0000000080000000,0x0000000085b6f178,0x000000008a300000)
 Metaspace       used 71328K, committed 73280K, reserved 1114112K
  class space    used 8484K, committed 9216K, reserved 1048576K
}
Event: 36.194 GC heap before
{Heap before GC invocations=116 (full 7):
 PSYoungGen      total 33280K, used 33280K [0x00000000d5580000, 0x00000000d9380000, 0x0000000100000000)
  eden space 13312K, 100% used [0x00000000d5580000,0x00000000d6280000,0x00000000d6280000)
  from space 19968K, 100% used [0x00000000d6280000,0x00000000d7600000,0x00000000d7600000)
  to   space 24576K, 0% used [0x00000000d7b80000,0x00000000d7b80000,0x00000000d9380000)
 ParOldGen       total 166912K, used 93628K [0x0000000080000000, 0x000000008a300000, 0x00000000d5580000)
  object space 166912K, 56% used [0x0000000080000000,0x0000000085b6f178,0x000000008a300000)
 Metaspace       used 71725K, committed 73408K, reserved 1114112K
  class space    used 8507K, committed 9216K, reserved 1048576K
}
Event: 36.203 GC heap after
{Heap after GC invocations=116 (full 7):
 PSYoungGen      total 25088K, used 10496K [0x00000000d5580000, 0x00000000d8600000, 0x0000000100000000)
  eden space 14336K, 0% used [0x00000000d5580000,0x00000000d5580000,0x00000000d6380000)
  from space 10752K, 97% used [0x00000000d7b80000,0x00000000d85c0020,0x00000000d8600000)
  to   space 15360K, 0% used [0x00000000d6800000,0x00000000d6800000,0x00000000d7700000)
 ParOldGen       total 166912K, used 103772K [0x0000000080000000, 0x000000008a300000, 0x00000000d5580000)
  object space 166912K, 62% used [0x0000000080000000,0x0000000086557178,0x000000008a300000)
 Metaspace       used 71725K, committed 73408K, reserved 1114112K
  class space    used 8507K, committed 9216K, reserved 1048576K
}
Event: 36.376 GC heap before
{Heap before GC invocations=117 (full 7):
 PSYoungGen      total 25088K, used 24832K [0x00000000d5580000, 0x00000000d8600000, 0x0000000100000000)
  eden space 14336K, 100% used [0x00000000d5580000,0x00000000d6380000,0x00000000d6380000)
  from space 10752K, 97% used [0x00000000d7b80000,0x00000000d85c0020,0x00000000d8600000)
  to   space 15360K, 0% used [0x00000000d6800000,0x00000000d6800000,0x00000000d7700000)
 ParOldGen       total 166912K, used 103772K [0x0000000080000000, 0x000000008a300000, 0x00000000d5580000)
  object space 166912K, 62% used [0x0000000080000000,0x0000000086557178,0x000000008a300000)
 Metaspace       used 72584K, committed 73920K, reserved 1114112K
  class space    used 8625K, committed 9216K, reserved 1048576K
}
Event: 36.381 GC heap after
{Heap after GC invocations=117 (full 7):
 PSYoungGen      total 26112K, used 11082K [0x00000000d5580000, 0x00000000d7c00000, 0x0000000100000000)
  eden space 14848K, 0% used [0x00000000d5580000,0x00000000d5580000,0x00000000d6400000)
  from space 11264K, 98% used [0x00000000d6800000,0x00000000d72d2818,0x00000000d7300000)
  to   space 9216K, 0% used [0x00000000d7300000,0x00000000d7300000,0x00000000d7c00000)
 ParOldGen       total 166912K, used 103780K [0x0000000080000000, 0x000000008a300000, 0x00000000d5580000)
  object space 166912K, 62% used [0x0000000080000000,0x0000000086559178,0x000000008a300000)
 Metaspace       used 72584K, committed 73920K, reserved 1114112K
  class space    used 8625K, committed 9216K, reserved 1048576K
}
Event: 36.555 GC heap before
{Heap before GC invocations=118 (full 7):
 PSYoungGen      total 26112K, used 25930K [0x00000000d5580000, 0x00000000d7c00000, 0x0000000100000000)
  eden space 14848K, 100% used [0x00000000d5580000,0x00000000d6400000,0x00000000d6400000)
  from space 11264K, 98% used [0x00000000d6800000,0x00000000d72d2818,0x00000000d7300000)
  to   space 9216K, 0% used [0x00000000d7300000,0x00000000d7300000,0x00000000d7c00000)
 ParOldGen       total 166912K, used 103780K [0x0000000080000000, 0x000000008a300000, 0x00000000d5580000)
  object space 166912K, 62% used [0x0000000080000000,0x0000000086559178,0x000000008a300000)
 Metaspace       used 73203K, committed 74496K, reserved 1179648K
  class space    used 8694K, committed 9280K, reserved 1048576K
}
Event: 36.562 GC heap after
{Heap after GC invocations=118 (full 7):
 PSYoungGen      total 24576K, used 9210K [0x00000000d5580000, 0x00000000d7d80000, 0x0000000100000000)
  eden space 15360K, 0% used [0x00000000d5580000,0x00000000d5580000,0x00000000d6480000)
  from space 9216K, 99% used [0x00000000d7300000,0x00000000d7bfe868,0x00000000d7c00000)
  to   space 12800K, 0% used [0x00000000d6480000,0x00000000d6480000,0x00000000d7100000)
 ParOldGen       total 166912K, used 106982K [0x0000000080000000, 0x000000008a300000, 0x00000000d5580000)
  object space 166912K, 64% used [0x0000000080000000,0x0000000086879ae8,0x000000008a300000)
 Metaspace       used 73203K, committed 74496K, reserved 1179648K
  class space    used 8694K, committed 9280K, reserved 1048576K
}
Event: 36.826 GC heap before
{Heap before GC invocations=119 (full 7):
 PSYoungGen      total 24576K, used 24570K [0x00000000d5580000, 0x00000000d7d80000, 0x0000000100000000)
  eden space 15360K, 100% used [0x00000000d5580000,0x00000000d6480000,0x00000000d6480000)
  from space 9216K, 99% used [0x00000000d7300000,0x00000000d7bfe868,0x00000000d7c00000)
  to   space 12800K, 0% used [0x00000000d6480000,0x00000000d6480000,0x00000000d7100000)
 ParOldGen       total 166912K, used 106982K [0x0000000080000000, 0x000000008a300000, 0x00000000d5580000)
  object space 166912K, 64% used [0x0000000080000000,0x0000000086879ae8,0x000000008a300000)
 Metaspace       used 73846K, committed 75136K, reserved 1179648K
  class space    used 8739K, committed 9280K, reserved 1048576K
}
Event: 36.833 GC heap after
{Heap after GC invocations=119 (full 7):
 PSYoungGen      total 19456K, used 3852K [0x00000000d5580000, 0x00000000d7380000, 0x0000000100000000)
  eden space 15360K, 0% used [0x00000000d5580000,0x00000000d5580000,0x00000000d6480000)
  from space 4096K, 94% used [0x00000000d6480000,0x00000000d68431a8,0x00000000d6880000)
  to   space 7168K, 0% used [0x00000000d6c80000,0x00000000d6c80000,0x00000000d7380000)
 ParOldGen       total 166912K, used 114230K [0x0000000080000000, 0x000000008a300000, 0x00000000d5580000)
  object space 166912K, 68% used [0x0000000080000000,0x0000000086f8dae8,0x000000008a300000)
 Metaspace       used 73846K, committed 75136K, reserved 1179648K
  class space    used 8739K, committed 9280K, reserved 1048576K
}
Event: 37.093 GC heap before
{Heap before GC invocations=120 (full 7):
 PSYoungGen      total 19456K, used 19212K [0x00000000d5580000, 0x00000000d7380000, 0x0000000100000000)
  eden space 15360K, 100% used [0x00000000d5580000,0x00000000d6480000,0x00000000d6480000)
  from space 4096K, 94% used [0x00000000d6480000,0x00000000d68431a8,0x00000000d6880000)
  to   space 7168K, 0% used [0x00000000d6c80000,0x00000000d6c80000,0x00000000d7380000)
 ParOldGen       total 166912K, used 114230K [0x0000000080000000, 0x000000008a300000, 0x00000000d5580000)
  object space 166912K, 68% used [0x0000000080000000,0x0000000086f8dae8,0x000000008a300000)
 Metaspace       used 74168K, committed 75456K, reserved 1179648K
  class space    used 8752K, committed 9280K, reserved 1048576K
}
Event: 37.095 GC heap after
{Heap after GC invocations=120 (full 7):
 PSYoungGen      total 19456K, used 3215K [0x00000000d5580000, 0x00000000d7000000, 0x0000000100000000)
  eden space 15872K, 0% used [0x00000000d5580000,0x00000000d5580000,0x00000000d6500000)
  from space 3584K, 89% used [0x00000000d6c80000,0x00000000d6fa3dc8,0x00000000d7000000)
  to   space 4096K, 0% used [0x00000000d6800000,0x00000000d6800000,0x00000000d6c00000)
 ParOldGen       total 166912K, used 114238K [0x0000000080000000, 0x000000008a300000, 0x00000000d5580000)
  object space 166912K, 68% used [0x0000000080000000,0x0000000086f8fae8,0x000000008a300000)
 Metaspace       used 74168K, committed 75456K, reserved 1179648K
  class space    used 8752K, committed 9280K, reserved 1048576K
}
Event: 37.482 GC heap before
{Heap before GC invocations=121 (full 7):
 PSYoungGen      total 19456K, used 19087K [0x00000000d5580000, 0x00000000d7000000, 0x0000000100000000)
  eden space 15872K, 100% used [0x00000000d5580000,0x00000000d6500000,0x00000000d6500000)
  from space 3584K, 89% used [0x00000000d6c80000,0x00000000d6fa3dc8,0x00000000d7000000)
  to   space 4096K, 0% used [0x00000000d6800000,0x00000000d6800000,0x00000000d6c00000)
 ParOldGen       total 166912K, used 114238K [0x0000000080000000, 0x000000008a300000, 0x00000000d5580000)
  object space 166912K, 68% used [0x0000000080000000,0x0000000086f8fae8,0x000000008a300000)
 Metaspace       used 74266K, committed 75520K, reserved 1179648K
  class space    used 8762K, committed 9280K, reserved 1048576K
}
Event: 37.485 GC heap after
{Heap after GC invocations=121 (full 7):
 PSYoungGen      total 20480K, used 3589K [0x00000000d5580000, 0x00000000d6d80000, 0x0000000100000000)
  eden space 16384K, 0% used [0x00000000d5580000,0x00000000d5580000,0x00000000d6580000)
  from space 4096K, 87% used [0x00000000d6800000,0x00000000d6b816f8,0x00000000d6c00000)
  to   space 1536K, 0% used [0x00000000d6c00000,0x00000000d6c00000,0x00000000d6d80000)
 ParOldGen       total 166912K, used 114246K [0x0000000080000000, 0x000000008a300000, 0x00000000d5580000)
  object space 166912K, 68% used [0x0000000080000000,0x0000000086f91ae8,0x000000008a300000)
 Metaspace       used 74266K, committed 75520K, reserved 1179648K
  class space    used 8762K, committed 9280K, reserved 1048576K
}

