# JRE version: OpenJDK Runtime Environment Temurin-21.0.7+6 (21.0.7+6) (build 21.0.7+6-LTS)
# Java VM: OpenJDK 64-Bit Server VM Temurin-21.0.7+6 (21.0.7+6-LTS, mixed mode, sharing, tiered, compressed oops, compressed class ptrs, parallel gc, windows-amd64)
GC Precious Log:
 CardTable entry size: 512
 CPUs: 12 total, 12 available
 Memory: 15790M
 Large Page Support: Disabled
 NUMA Support: Disabled
 Compressed Oops: Enabled (32-bit)
 Alignments: Space 512K, Generation 512K, Heap 2M
 Heap Min Capacity: 100M
 Heap Initial Capacity: 100M
 Heap Max Capacity: 2G
 Pre-touch: Disabled
 Parallel Workers: 10
Heap:
 PSYoungGen      total 9216K, used 2125K [0x00000000d5580000, 0x00000000d6080000, 0x0000000100000000)
  eden space 7168K, 4% used [0x00000000d5580000,0x00000000d55c8130,0x00000000d5c80000)
  from space 2048K, 89% used [0x00000000d5e80000,0x00000000d604b5d8,0x00000000d6080000)
  to   space 2048K, 0% used [0x00000000d5c80000,0x00000000d5c80000,0x00000000d5e80000)
 ParOldGen       total 130048K, used 129706K [0x0000000080000000, 0x0000000087f00000, 0x00000000d5580000)
  object space 130048K, 99% used [0x0000000080000000,0x0000000087eaa9b8,0x0000000087f00000)
 Metaspace       used 58944K, committed 60288K, reserved 1114112K
  class space    used 6533K, committed 7168K, reserved 1048576K
GC Heap History (20 events):
Event: 18.520 GC heap before
{Heap before GC invocations=51 (full 2):
 PSYoungGen      total 10240K, used 10229K [0x00000000d5580000, 0x00000000d6800000, 0x0000000100000000)
  eden space 8192K, 100% used [0x00000000d5580000,0x00000000d5d80000,0x00000000d5d80000)
  from space 2048K, 99% used [0x00000000d6200000,0x00000000d63fd570,0x00000000d6400000)
  to   space 4608K, 0% used [0x00000000d5d80000,0x00000000d5d80000,0x00000000d6200000)
 ParOldGen       total 102912K, used 102779K [0x0000000080000000, 0x0000000086480000, 0x00000000d5580000)
  object space 102912K, 99% used [0x0000000080000000,0x000000008645ecc0,0x0000000086480000)
 Metaspace       used 57806K, committed 59136K, reserved 1114112K
  class space    used 6350K, committed 6976K, reserved 1048576K
}
Event: 18.522 GC heap after
{Heap after GC invocations=51 (full 2):
 PSYoungGen      total 10240K, used 1646K [0x00000000d5580000, 0x00000000d6280000, 0x0000000100000000)
  eden space 8192K, 0% used [0x00000000d5580000,0x00000000d5580000,0x00000000d5d80000)
  from space 2048K, 80% used [0x00000000d5d80000,0x00000000d5f1b890,0x00000000d5f80000)
  to   space 2560K, 0% used [0x00000000d6000000,0x00000000d6000000,0x00000000d6280000)
 ParOldGen       total 104960K, used 104660K [0x0000000080000000, 0x0000000086680000, 0x00000000d5580000)
  object space 104960K, 99% used [0x0000000080000000,0x0000000086635088,0x0000000086680000)
 Metaspace       used 57806K, committed 59136K, reserved 1114112K
  class space    used 6350K, committed 6976K, reserved 1048576K
}
Event: 18.541 GC heap before
{Heap before GC invocations=52 (full 2):
 PSYoungGen      total 10240K, used 9838K [0x00000000d5580000, 0x00000000d6280000, 0x0000000100000000)
  eden space 8192K, 99% used [0x00000000d5580000,0x00000000d5d7ff90,0x00000000d5d80000)
  from space 2048K, 80% used [0x00000000d5d80000,0x00000000d5f1b890,0x00000000d5f80000)
  to   space 2560K, 0% used [0x00000000d6000000,0x00000000d6000000,0x00000000d6280000)
 ParOldGen       total 104960K, used 104660K [0x0000000080000000, 0x0000000086680000, 0x00000000d5580000)
  object space 104960K, 99% used [0x0000000080000000,0x0000000086635088,0x0000000086680000)
 Metaspace       used 57901K, committed 59200K, reserved 1114112K
  class space    used 6370K, committed 6976K, reserved 1048576K
}
Event: 18.542 GC heap after
{Heap after GC invocations=52 (full 2):
 PSYoungGen      total 10240K, used 1763K [0x00000000d5580000, 0x00000000d6200000, 0x0000000100000000)
  eden space 8192K, 0% used [0x00000000d5580000,0x00000000d5580000,0x00000000d5d80000)
  from space 2048K, 86% used [0x00000000d6000000,0x00000000d61b8cd8,0x00000000d6200000)
  to   space 2048K, 0% used [0x00000000d5d80000,0x00000000d5d80000,0x00000000d5f80000)
 ParOldGen       total 106496K, used 106156K [0x0000000080000000, 0x0000000086800000, 0x00000000d5580000)
  object space 106496K, 99% used [0x0000000080000000,0x00000000867ab018,0x0000000086800000)
 Metaspace       used 57901K, committed 59200K, reserved 1114112K
  class space    used 6370K, committed 6976K, reserved 1048576K
}
Event: 18.563 GC heap before
{Heap before GC invocations=53 (full 2):
 PSYoungGen      total 10240K, used 9955K [0x00000000d5580000, 0x00000000d6200000, 0x0000000100000000)
  eden space 8192K, 100% used [0x00000000d5580000,0x00000000d5d80000,0x00000000d5d80000)
  from space 2048K, 86% used [0x00000000d6000000,0x00000000d61b8cd8,0x00000000d6200000)
  to   space 2048K, 0% used [0x00000000d5d80000,0x00000000d5d80000,0x00000000d5f80000)
 ParOldGen       total 106496K, used 106156K [0x0000000080000000, 0x0000000086800000, 0x00000000d5580000)
  object space 106496K, 99% used [0x0000000080000000,0x00000000867ab018,0x0000000086800000)
 Metaspace       used 58008K, committed 59392K, reserved 1114112K
  class space    used 6394K, committed 7040K, reserved 1048576K
}
Event: 18.565 GC heap after
{Heap after GC invocations=53 (full 2):
 PSYoungGen      total 10240K, used 1728K [0x00000000d5580000, 0x00000000d6180000, 0x0000000100000000)
  eden space 8192K, 0% used [0x00000000d5580000,0x00000000d5580000,0x00000000d5d80000)
  from space 2048K, 84% used [0x00000000d5d80000,0x00000000d5f30020,0x00000000d5f80000)
  to   space 2048K, 0% used [0x00000000d5f80000,0x00000000d5f80000,0x00000000d6180000)
 ParOldGen       total 108032K, used 107791K [0x0000000080000000, 0x0000000086980000, 0x00000000d5580000)
  object space 108032K, 99% used [0x0000000080000000,0x0000000086943e58,0x0000000086980000)
 Metaspace       used 58008K, committed 59392K, reserved 1114112K
  class space    used 6394K, committed 7040K, reserved 1048576K
}
Event: 18.583 GC heap before
{Heap before GC invocations=54 (full 2):
 PSYoungGen      total 10240K, used 9920K [0x00000000d5580000, 0x00000000d6180000, 0x0000000100000000)
  eden space 8192K, 100% used [0x00000000d5580000,0x00000000d5d80000,0x00000000d5d80000)
  from space 2048K, 84% used [0x00000000d5d80000,0x00000000d5f30020,0x00000000d5f80000)
  to   space 2048K, 0% used [0x00000000d5f80000,0x00000000d5f80000,0x00000000d6180000)
 ParOldGen       total 108032K, used 107791K [0x0000000080000000, 0x0000000086980000, 0x00000000d5580000)
  object space 108032K, 99% used [0x0000000080000000,0x0000000086943e58,0x0000000086980000)
 Metaspace       used 58129K, committed 59456K, reserved 1114112K
  class space    used 6420K, committed 7040K, reserved 1048576K
}
Event: 18.584 GC heap after
{Heap after GC invocations=54 (full 2):
 PSYoungGen      total 10240K, used 1888K [0x00000000d5580000, 0x00000000d6180000, 0x0000000100000000)
  eden space 8192K, 0% used [0x00000000d5580000,0x00000000d5580000,0x00000000d5d80000)
  from space 2048K, 92% used [0x00000000d5f80000,0x00000000d61580f8,0x00000000d6180000)
  to   space 2048K, 0% used [0x00000000d5d80000,0x00000000d5d80000,0x00000000d5f80000)
 ParOldGen       total 109568K, used 109374K [0x0000000080000000, 0x0000000086b00000, 0x00000000d5580000)
  object space 109568K, 99% used [0x0000000080000000,0x0000000086acf8a0,0x0000000086b00000)
 Metaspace       used 58129K, committed 59456K, reserved 1114112K
  class space    used 6420K, committed 7040K, reserved 1048576K
}
Event: 18.600 GC heap before
{Heap before GC invocations=55 (full 2):
 PSYoungGen      total 10240K, used 10080K [0x00000000d5580000, 0x00000000d6180000, 0x0000000100000000)
  eden space 8192K, 100% used [0x00000000d5580000,0x00000000d5d80000,0x00000000d5d80000)
  from space 2048K, 92% used [0x00000000d5f80000,0x00000000d61580f8,0x00000000d6180000)
  to   space 2048K, 0% used [0x00000000d5d80000,0x00000000d5d80000,0x00000000d5f80000)
 ParOldGen       total 109568K, used 109374K [0x0000000080000000, 0x0000000086b00000, 0x00000000d5580000)
  object space 109568K, 99% used [0x0000000080000000,0x0000000086acf8a0,0x0000000086b00000)
 Metaspace       used 58257K, committed 59584K, reserved 1114112K
  class space    used 6447K, committed 7040K, reserved 1048576K
}
Event: 18.602 GC heap after
{Heap after GC invocations=55 (full 2):
 PSYoungGen      total 10240K, used 1771K [0x00000000d5580000, 0x00000000d6180000, 0x0000000100000000)
  eden space 8192K, 0% used [0x00000000d5580000,0x00000000d5580000,0x00000000d5d80000)
  from space 2048K, 86% used [0x00000000d5d80000,0x00000000d5f3ae18,0x00000000d5f80000)
  to   space 2048K, 0% used [0x00000000d5f80000,0x00000000d5f80000,0x00000000d6180000)
 ParOldGen       total 111616K, used 111128K [0x0000000080000000, 0x0000000086d00000, 0x00000000d5580000)
  object space 111616K, 99% used [0x0000000080000000,0x0000000086c861e0,0x0000000086d00000)
 Metaspace       used 58257K, committed 59584K, reserved 1114112K
  class space    used 6447K, committed 7040K, reserved 1048576K
}
Event: 18.625 GC heap before
{Heap before GC invocations=56 (full 2):
 PSYoungGen      total 10240K, used 9963K [0x00000000d5580000, 0x00000000d6180000, 0x0000000100000000)
  eden space 8192K, 100% used [0x00000000d5580000,0x00000000d5d80000,0x00000000d5d80000)
  from space 2048K, 86% used [0x00000000d5d80000,0x00000000d5f3ae18,0x00000000d5f80000)
  to   space 2048K, 0% used [0x00000000d5f80000,0x00000000d5f80000,0x00000000d6180000)
 ParOldGen       total 111616K, used 111128K [0x0000000080000000, 0x0000000086d00000, 0x00000000d5580000)
  object space 111616K, 99% used [0x0000000080000000,0x0000000086c861e0,0x0000000086d00000)
 Metaspace       used 58387K, committed 59712K, reserved 1114112K
  class space    used 6468K, committed 7104K, reserved 1048576K
}
Event: 18.627 GC heap after
{Heap after GC invocations=56 (full 2):
 PSYoungGen      total 10240K, used 1815K [0x00000000d5580000, 0x00000000d6180000, 0x0000000100000000)
  eden space 8192K, 0% used [0x00000000d5580000,0x00000000d5580000,0x00000000d5d80000)
  from space 2048K, 88% used [0x00000000d5f80000,0x00000000d6145cf8,0x00000000d6180000)
  to   space 2048K, 0% used [0x00000000d5d80000,0x00000000d5d80000,0x00000000d5f80000)
 ParOldGen       total 113152K, used 112708K [0x0000000080000000, 0x0000000086e80000, 0x00000000d5580000)
  object space 113152K, 99% used [0x0000000080000000,0x0000000086e11308,0x0000000086e80000)
 Metaspace       used 58387K, committed 59712K, reserved 1114112K
  class space    used 6468K, committed 7104K, reserved 1048576K
}
Event: 18.653 GC heap before
{Heap before GC invocations=57 (full 2):
 PSYoungGen      total 10240K, used 10007K [0x00000000d5580000, 0x00000000d6180000, 0x0000000100000000)
  eden space 8192K, 100% used [0x00000000d5580000,0x00000000d5d80000,0x00000000d5d80000)
  from space 2048K, 88% used [0x00000000d5f80000,0x00000000d6145cf8,0x00000000d6180000)
  to   space 2048K, 0% used [0x00000000d5d80000,0x00000000d5d80000,0x00000000d5f80000)
 ParOldGen       total 113152K, used 112708K [0x0000000080000000, 0x0000000086e80000, 0x00000000d5580000)
  object space 113152K, 99% used [0x0000000080000000,0x0000000086e11308,0x0000000086e80000)
 Metaspace       used 58402K, committed 59776K, reserved 1114112K
  class space    used 6469K, committed 7104K, reserved 1048576K
}
Event: 18.655 GC heap after
{Heap after GC invocations=57 (full 2):
 PSYoungGen      total 10240K, used 1845K [0x00000000d5580000, 0x00000000d6180000, 0x0000000100000000)
  eden space 8192K, 0% used [0x00000000d5580000,0x00000000d5580000,0x00000000d5d80000)
  from space 2048K, 90% used [0x00000000d5d80000,0x00000000d5f4d718,0x00000000d5f80000)
  to   space 2048K, 0% used [0x00000000d5f80000,0x00000000d5f80000,0x00000000d6180000)
 ParOldGen       total 114688K, used 114341K [0x0000000080000000, 0x0000000087000000, 0x00000000d5580000)
  object space 114688K, 99% used [0x0000000080000000,0x0000000086fa95b0,0x0000000087000000)
 Metaspace       used 58402K, committed 59776K, reserved 1114112K
  class space    used 6469K, committed 7104K, reserved 1048576K
}
Event: 18.755 GC heap before
{Heap before GC invocations=58 (full 2):
 PSYoungGen      total 10240K, used 5763K [0x00000000d5580000, 0x00000000d6180000, 0x0000000100000000)
  eden space 8192K, 47% used [0x00000000d5580000,0x00000000d59534f0,0x00000000d5d80000)
  from space 2048K, 90% used [0x00000000d5d80000,0x00000000d5f4d718,0x00000000d5f80000)
  to   space 2048K, 0% used [0x00000000d5f80000,0x00000000d5f80000,0x00000000d6180000)
 ParOldGen       total 114688K, used 114341K [0x0000000080000000, 0x0000000087000000, 0x00000000d5580000)
  object space 114688K, 99% used [0x0000000080000000,0x0000000086fa95b0,0x0000000087000000)
 Metaspace       used 58413K, committed 59776K, reserved 1114112K
  class space    used 6470K, committed 7104K, reserved 1048576K
}
Event: 18.757 GC heap after
{Heap after GC invocations=58 (full 2):
 PSYoungGen      total 9216K, used 910K [0x00000000d5580000, 0x00000000d6080000, 0x0000000100000000)
  eden space 8192K, 0% used [0x00000000d5580000,0x00000000d5580000,0x00000000d5d80000)
  from space 1024K, 88% used [0x00000000d5f80000,0x00000000d6063b40,0x00000000d6080000)
  to   space 1536K, 0% used [0x00000000d5d80000,0x00000000d5d80000,0x00000000d5f00000)
 ParOldGen       total 116224K, used 116026K [0x0000000080000000, 0x0000000087180000, 0x00000000d5580000)
  object space 116224K, 99% used [0x0000000080000000,0x000000008714e808,0x0000000087180000)
 Metaspace       used 58413K, committed 59776K, reserved 1114112K
  class space    used 6470K, committed 7104K, reserved 1048576K
}
Event: 18.757 GC heap before
{Heap before GC invocations=59 (full 3):
 PSYoungGen      total 9216K, used 910K [0x00000000d5580000, 0x00000000d6080000, 0x0000000100000000)
  eden space 8192K, 0% used [0x00000000d5580000,0x00000000d5580000,0x00000000d5d80000)
  from space 1024K, 88% used [0x00000000d5f80000,0x00000000d6063b40,0x00000000d6080000)
  to   space 1536K, 0% used [0x00000000d5d80000,0x00000000d5d80000,0x00000000d5f00000)
 ParOldGen       total 116224K, used 116026K [0x0000000080000000, 0x0000000087180000, 0x00000000d5580000)
  object space 116224K, 99% used [0x0000000080000000,0x000000008714e808,0x0000000087180000)
 Metaspace       used 58413K, committed 59776K, reserved 1114112K
  class space    used 6470K, committed 7104K, reserved 1048576K
}
Event: 18.828 GC heap after
{Heap after GC invocations=59 (full 3):
 PSYoungGen      total 9216K, used 0K [0x00000000d5580000, 0x00000000d6080000, 0x0000000100000000)
  eden space 8192K, 0% used [0x00000000d5580000,0x00000000d5580000,0x00000000d5d80000)
  from space 1024K, 0% used [0x00000000d5f80000,0x00000000d5f80000,0x00000000d6080000)
  to   space 1536K, 0% used [0x00000000d5d80000,0x00000000d5d80000,0x00000000d5f00000)
 ParOldGen       total 116224K, used 102539K [0x0000000080000000, 0x0000000087180000, 0x00000000d5580000)
  object space 116224K, 88% used [0x0000000080000000,0x0000000086422d98,0x0000000087180000)
 Metaspace       used 58413K, committed 59776K, reserved 1114112K
  class space    used 6470K, committed 7104K, reserved 1048576K
}
Event: 18.908 GC heap before
{Heap before GC invocations=60 (full 3):
 PSYoungGen      total 9216K, used 8192K [0x00000000d5580000, 0x00000000d6080000, 0x0000000100000000)
  eden space 8192K, 100% used [0x00000000d5580000,0x00000000d5d80000,0x00000000d5d80000)
  from space 1024K, 0% used [0x00000000d5f80000,0x00000000d5f80000,0x00000000d6080000)
  to   space 1536K, 0% used [0x00000000d5d80000,0x00000000d5d80000,0x00000000d5f00000)
 ParOldGen       total 116224K, used 102539K [0x0000000080000000, 0x0000000087180000, 0x00000000d5580000)
  object space 116224K, 88% used [0x0000000080000000,0x0000000086422d98,0x0000000087180000)
 Metaspace       used 58529K, committed 59904K, reserved 1114112K
  class space    used 6486K, committed 7104K, reserved 1048576K
}
Event: 18.909 GC heap after
{Heap after GC invocations=60 (full 3):
 PSYoungGen      total 9728K, used 1526K [0x00000000d5580000, 0x00000000d6080000, 0x0000000100000000)
  eden space 8192K, 0% used [0x00000000d5580000,0x00000000d5580000,0x00000000d5d80000)
  from space 1536K, 99% used [0x00000000d5d80000,0x00000000d5efdb70,0x00000000d5f00000)
  to   space 1024K, 0% used [0x00000000d5f80000,0x00000000d5f80000,0x00000000d6080000)
 ParOldGen       total 116224K, used 102890K [0x0000000080000000, 0x0000000087180000, 0x00000000d5580000)
  object space 116224K, 88% used [0x0000000080000000,0x000000008647aaf8,0x0000000087180000)
 Metaspace       used 58529K, committed 59904K, reserved 1114112K
  class space    used 6486K, committed 7104K, reserved 1048576K
}

